<?xml version="1.0" encoding="UTF-8"?>
<!-- Generated by org.testng.reporters.JUnitXMLReporter -->
<testsuite hostname="LAPTOP-0EAU9346" name="Thread1" tests="1" failures="1" timestamp="20 Jun 2021 16:38:59 GMT" time="0.543" errors="0">
  <testcase name="feature" time="0.118" classname="test.runners.TestRunner">
    <failure type="cucumber.runtime.CucumberException" message="java.lang.StackOverflowError">
      <![CDATA[cucumber.runtime.CucumberException: java.lang.StackOverflowError
	at cucumber.api.testng.TestNGCucumberRunner.runCucumber(TestNGCucumberRunner.java:69)
	at cucumber.api.testng.AbstractTestNGCucumberTests.feature(AbstractTestNGCucumberTests.java:21)
Caused by: java.lang.StackOverflowError
	at common.TestFactory.endTestRun(TestFactory.java:60)
	at common.TestFactory.endTestRun(TestFactory.java:75)
	at common.TestFactory.endTestRun(TestFactory.java:75)
	at common.TestFactory.endTestRun(TestFactory.java:75)
	at common.TestFactory.endTestRun(TestFactory.java:75)
	at common.TestFactory.endTestRun(TestFactory.java:75)
	at common.TestFactory.endTestRun(TestFactory.java:75)
	at common.TestFactory.endTestRun(TestFactory.java:75)
	at common.TestFactory.endTestRun(TestFactory.java:75)
	at common.TestFactory.endTestRun(TestFactory.java:75)
	at common.TestFactory.endTestRun(TestFactory.java:75)
	at common.TestFactory.endTestRun(TestFactory.java:75)
	at common.TestFactory.endTestRun(TestFactory.java:75)
	at common.TestFactory.endTestRun(TestFactory.java:75)
	at common.TestFactory.endTestRun(TestFactory.java:75)
	at common.TestFactory.endTestRun(TestFactory.java:75)
	at common.TestFactory.endTestRun(TestFactory.java:75)
	at common.TestFactory.endTestRun(TestFactory.java:75)
	at common.TestFactory.endTestRun(TestFactory.java:75)
	at common.TestFactory.endTestRun(TestFactory.java:75)
	at common.TestFactory.endTestRun(TestFactory.java:75)
	at common.TestFactory.endTestRun(TestFactory.java:75)
	at common.TestFactory.endTestRun(TestFactory.java:75)
	at common.TestFactory.endTestRun(TestFactory.java:75)
	at common.TestFactory.endTestRun(TestFactory.java:75)
	at common.TestFactory.endTestRun(TestFactory.java:75)
	at common.TestFactory.endTestRun(TestFactory.java:75)
	at common.TestFactory.endTestRun(TestFactory.java:75)
	at common.TestFactory.endTestRun(TestFactory.java:75)
	at common.TestFactory.endTestRun(TestFactory.java:75)
	at common.TestFactory.endTestRun(TestFactory.java:75)
	at common.TestFactory.endTestRun(TestFactory.java:75)
	at common.TestFactory.endTestRun(TestFactory.java:75)
	at common.TestFactory.endTestRun(TestFactory.java:75)
	at common.TestFactory.endTestRun(TestFactory.java:75)
	at common.TestFactory.endTestRun(TestFactory.java:75)
	at common.TestFactory.endTestRun(TestFactory.java:75)
	at common.TestFactory.endTestRun(TestFactory.java:75)
	at common.TestFactory.endTestRun(TestFactory.java:75)
	at common.TestFactory.endTestRun(TestFactory.java:75)
	at common.TestFactory.endTestRun(TestFactory.java:75)
	at common.TestFactory.endTestRun(TestFactory.java:75)
	at common.TestFactory.endTestRun(TestFactory.java:75)
	at common.TestFactory.endTestRun(TestFactory.java:75)
	at common.TestFactory.endTestRun(TestFactory.java:75)
	at common.TestFactory.endTestRun(TestFactory.java:75)
	at common.TestFactory.endTestRun(TestFactory.java:75)
	at common.TestFactory.endTestRun(TestFactory.java:75)
	at common.TestFactory.endTestRun(TestFactory.java:75)
	at common.TestFactory.endTestRun(TestFactory.java:75)
	at common.TestFactory.endTestRun(TestFactory.java:75)
	at common.TestFactory.endTestRun(TestFactory.java:75)
	at common.TestFactory.endTestRun(TestFactory.java:75)
	at common.TestFactory.endTestRun(TestFactory.java:75)
	at common.TestFactory.endTestRun(TestFactory.java:75)
	at common.TestFactory.endTestRun(TestFactory.java:75)
	at common.TestFactory.endTestRun(TestFactory.java:75)
	at common.TestFactory.endTestRun(TestFactory.java:75)
	at common.TestFactory.endTestRun(TestFactory.java:75)
	at common.TestFactory.endTestRun(TestFactory.java:75)
	at common.TestFactory.endTestRun(TestFactory.java:75)
	at common.TestFactory.endTestRun(TestFactory.java:75)
	at common.TestFactory.endTestRun(TestFactory.java:75)
	at common.TestFactory.endTestRun(TestFactory.java:75)
	at common.TestFactory.endTestRun(TestFactory.java:75)
	at common.TestFactory.endTestRun(TestFactory.java:75)
	at common.TestFactory.endTestRun(TestFactory.java:75)
	at common.TestFactory.endTestRun(TestFactory.java:75)
	at common.TestFactory.endTestRun(TestFactory.java:75)
	at common.TestFactory.endTestRun(TestFactory.java:75)
	at common.TestFactory.endTestRun(TestFactory.java:75)
	at common.TestFactory.endTestRun(TestFactory.java:75)
	at common.TestFactory.endTestRun(TestFactory.java:75)
	at common.TestFactory.endTestRun(TestFactory.java:75)
	at common.TestFactory.endTestRun(TestFactory.java:75)
	at common.TestFactory.endTestRun(TestFactory.java:75)
	at common.TestFactory.endTestRun(TestFactory.java:75)
	at common.TestFactory.endTestRun(TestFactory.java:75)
	at common.TestFactory.endTestRun(TestFactory.java:75)
	at common.TestFactory.endTestRun(TestFactory.java:75)
	at common.TestFactory.endTestRun(TestFactory.java:75)
	at common.TestFactory.endTestRun(TestFactory.java:75)
	at common.TestFactory.endTestRun(TestFactory.java:75)
	at common.TestFactory.endTestRun(TestFactory.java:75)
	at common.TestFactory.endTestRun(TestFactory.java:75)
	at common.TestFactory.endTestRun(TestFactory.java:75)
	at common.TestFactory.endTestRun(TestFactory.java:75)
	at common.TestFactory.endTestRun(TestFactory.java:75)
	at common.TestFactory.endTestRun(TestFactory.java:75)
	at common.TestFactory.endTestRun(TestFactory.java:75)
	at common.TestFactory.endTestRun(TestFactory.java:75)
	at common.TestFactory.endTestRun(TestFactory.java:75)
	at common.TestFactory.endTestRun(TestFactory.java:75)
	at common.TestFactory.endTestRun(TestFactory.java:75)
	at common.TestFactory.endTestRun(TestFactory.java:75)
	at common.TestFactory.endTestRun(TestFactory.java:75)
	at common.TestFactory.endTestRun(TestFactory.java:75)
	at common.TestFactory.endTestRun(TestFactory.java:75)
	at common.TestFactory.endTestRun(TestFactory.java:75)
	at common.TestFactory.endTestRun(TestFactory.java:75)
	at common.TestFactory.endTestRun(TestFactory.java:75)
	at common.TestFactory.endTestRun(TestFactory.java:75)
	at common.TestFactory.endTestRun(TestFactory.java:75)
	at common.TestFactory.endTestRun(TestFactory.java:75)
	at common.TestFactory.endTestRun(TestFactory.java:75)
	at common.TestFactory.endTestRun(TestFactory.java:75)
	at common.TestFactory.endTestRun(TestFactory.java:75)
	at common.TestFactory.endTestRun(TestFactory.java:75)
	at common.TestFactory.endTestRun(TestFactory.java:75)
	at common.TestFactory.endTestRun(TestFactory.java:75)
	at common.TestFactory.endTestRun(TestFactory.java:75)
	at common.TestFactory.endTestRun(TestFactory.java:75)
	at common.TestFactory.endTestRun(TestFactory.java:75)
	at common.TestFactory.endTestRun(TestFactory.java:75)
	at common.TestFactory.endTestRun(TestFactory.java:75)
	at common.TestFactory.endTestRun(TestFactory.java:75)
	at common.TestFactory.endTestRun(TestFactory.java:75)
	at common.TestFactory.endTestRun(TestFactory.java:75)
	at common.TestFactory.endTestRun(TestFactory.java:75)
	at common.TestFactory.endTestRun(TestFactory.java:75)
	at common.TestFactory.endTestRun(TestFactory.java:75)
	at common.TestFactory.endTestRun(TestFactory.java:75)
	at common.TestFactory.endTestRun(TestFactory.java:75)
	at common.TestFactory.endTestRun(TestFactory.java:75)
	at common.TestFactory.endTestRun(TestFactory.java:75)
	at common.TestFactory.endTestRun(TestFactory.java:75)
	at common.TestFactory.endTestRun(TestFactory.java:75)
	at common.TestFactory.endTestRun(TestFactory.java:75)
	at common.TestFactory.endTestRun(TestFactory.java:75)
	at common.TestFactory.endTestRun(TestFactory.java:75)
	at common.TestFactory.endTestRun(TestFactory.java:75)
	at common.TestFactory.endTestRun(TestFactory.java:75)
	at common.TestFactory.endTestRun(TestFactory.java:75)
	at common.TestFactory.endTestRun(TestFactory.java:75)
	at common.TestFactory.endTestRun(TestFactory.java:75)
	at common.TestFactory.endTestRun(TestFactory.java:75)
	at common.TestFactory.endTestRun(TestFactory.java:75)
	at common.TestFactory.endTestRun(TestFactory.java:75)
	at common.TestFactory.endTestRun(TestFactory.java:75)
	at common.TestFactory.endTestRun(TestFactory.java:75)
	at common.TestFactory.endTestRun(TestFactory.java:75)
	at common.TestFactory.endTestRun(TestFactory.java:75)
	at common.TestFactory.endTestRun(TestFactory.java:75)
	at common.TestFactory.endTestRun(TestFactory.java:75)
	at common.TestFactory.endTestRun(TestFactory.java:75)
	at common.TestFactory.endTestRun(TestFactory.java:75)
	at common.TestFactory.endTestRun(TestFactory.java:75)
	at common.TestFactory.endTestRun(TestFactory.java:75)
	at common.TestFactory.endTestRun(TestFactory.java:75)
	at common.TestFactory.endTestRun(TestFactory.java:75)
	at common.TestFactory.endTestRun(TestFactory.java:75)
	at common.TestFactory.endTestRun(TestFactory.java:75)
	at common.TestFactory.endTestRun(TestFactory.java:75)
	at common.TestFactory.endTestRun(TestFactory.java:75)
	at common.TestFactory.endTestRun(TestFactory.java:75)
	at common.TestFactory.endTestRun(TestFactory.java:75)
	at common.TestFactory.endTestRun(TestFactory.java:75)
	at common.TestFactory.endTestRun(TestFactory.java:75)
	at common.TestFactory.endTestRun(TestFactory.java:75)
	at common.TestFactory.endTestRun(TestFactory.java:75)
	at common.TestFactory.endTestRun(TestFactory.java:75)
	at common.TestFactory.endTestRun(TestFactory.java:75)
	at common.TestFactory.endTestRun(TestFactory.java:75)
	at common.TestFactory.endTestRun(TestFactory.java:75)
	at common.TestFactory.endTestRun(TestFactory.java:75)
	at common.TestFactory.endTestRun(TestFactory.java:75)
	at common.TestFactory.endTestRun(TestFactory.java:75)
	at common.TestFactory.endTestRun(TestFactory.java:75)
	at common.TestFactory.endTestRun(TestFactory.java:75)
	at common.TestFactory.endTestRun(TestFactory.java:75)
	at common.TestFactory.endTestRun(TestFactory.java:75)
	at common.TestFactory.endTestRun(TestFactory.java:75)
	at common.TestFactory.endTestRun(TestFactory.java:75)
	at common.TestFactory.endTestRun(TestFactory.java:75)
	at common.TestFactory.endTestRun(TestFactory.java:75)
	at common.TestFactory.endTestRun(TestFactory.java:75)
	at common.TestFactory.endTestRun(TestFactory.java:75)
	at common.TestFactory.endTestRun(TestFactory.java:75)
	at common.TestFactory.endTestRun(TestFactory.java:75)
	at common.TestFactory.endTestRun(TestFactory.java:75)
	at common.TestFactory.endTestRun(TestFactory.java:75)
	at common.TestFactory.endTestRun(TestFactory.java:75)
	at common.TestFactory.endTestRun(TestFactory.java:75)
	at common.TestFactory.endTestRun(TestFactory.java:75)
	at common.TestFactory.endTestRun(TestFactory.java:75)
	at common.TestFactory.endTestRun(TestFactory.java:75)
	at common.TestFactory.endTestRun(TestFactory.java:75)
	at common.TestFactory.endTestRun(TestFactory.java:75)
	at common.TestFactory.endTestRun(TestFactory.java:75)
	at common.TestFactory.endTestRun(TestFactory.java:75)
	at common.TestFactory.endTestRun(TestFactory.java:75)
	at common.TestFactory.endTestRun(TestFactory.java:75)
	at common.TestFactory.endTestRun(TestFactory.java:75)
	at common.TestFactory.endTestRun(TestFactory.java:75)
	at common.TestFactory.endTestRun(TestFactory.java:75)
	at common.TestFactory.endTestRun(TestFactory.java:75)
	at common.TestFactory.endTestRun(TestFactory.java:75)
	at common.TestFactory.endTestRun(TestFactory.java:75)
	at common.TestFactory.endTestRun(TestFactory.java:75)
	at common.TestFactory.endTestRun(TestFactory.java:75)
	at common.TestFactory.endTestRun(TestFactory.java:75)
	at common.TestFactory.endTestRun(TestFactory.java:75)
	at common.TestFactory.endTestRun(TestFactory.java:75)
	at common.TestFactory.endTestRun(TestFactory.java:75)
	at common.TestFactory.endTestRun(TestFactory.java:75)
	at common.TestFactory.endTestRun(TestFactory.java:75)
	at common.TestFactory.endTestRun(TestFactory.java:75)
	at common.TestFactory.endTestRun(TestFactory.java:75)
	at common.TestFactory.endTestRun(TestFactory.java:75)
	at common.TestFactory.endTestRun(TestFactory.java:75)
	at common.TestFactory.endTestRun(TestFactory.java:75)
	at common.TestFactory.endTestRun(TestFactory.java:75)
	at common.TestFactory.endTestRun(TestFactory.java:75)
	at common.TestFactory.endTestRun(TestFactory.java:75)
	at common.TestFactory.endTestRun(TestFactory.java:75)
	at common.TestFactory.endTestRun(TestFactory.java:75)
	at common.TestFactory.endTestRun(TestFactory.java:75)
	at common.TestFactory.endTestRun(TestFactory.java:75)
	at common.TestFactory.endTestRun(TestFactory.java:75)
	at common.TestFactory.endTestRun(TestFactory.java:75)
	at common.TestFactory.endTestRun(TestFactory.java:75)
	at common.TestFactory.endTestRun(TestFactory.java:75)
	at common.TestFactory.endTestRun(TestFactory.java:75)
	at common.TestFactory.endTestRun(TestFactory.java:75)
	at common.TestFactory.endTestRun(TestFactory.java:75)
	at common.TestFactory.endTestRun(TestFactory.java:75)
	at common.TestFactory.endTestRun(TestFactory.java:75)
	at common.TestFactory.endTestRun(TestFactory.java:75)
	at common.TestFactory.endTestRun(TestFactory.java:75)
	at common.TestFactory.endTestRun(TestFactory.java:75)
	at common.TestFactory.endTestRun(TestFactory.java:75)
	at common.TestFactory.endTestRun(TestFactory.java:75)
	at common.TestFactory.endTestRun(TestFactory.java:75)
	at common.TestFactory.endTestRun(TestFactory.java:75)
	at common.TestFactory.endTestRun(TestFactory.java:75)
	at common.TestFactory.endTestRun(TestFactory.java:75)
	at common.TestFactory.endTestRun(TestFactory.java:75)
	at common.TestFactory.endTestRun(TestFactory.java:75)
	at common.TestFactory.endTestRun(TestFactory.java:75)
	at common.TestFactory.endTestRun(TestFactory.java:75)
	at common.TestFactory.endTestRun(TestFactory.java:75)
	at common.TestFactory.endTestRun(TestFactory.java:75)
	at common.TestFactory.endTestRun(TestFactory.java:75)
	at common.TestFactory.endTestRun(TestFactory.java:75)
	at common.TestFactory.endTestRun(TestFactory.java:75)
	at common.TestFactory.endTestRun(TestFactory.java:75)
	at common.TestFactory.endTestRun(TestFactory.java:75)
	at common.TestFactory.endTestRun(TestFactory.java:75)
	at common.TestFactory.endTestRun(TestFactory.java:75)
	at common.TestFactory.endTestRun(TestFactory.java:75)
	at common.TestFactory.endTestRun(TestFactory.java:75)
	at common.TestFactory.endTestRun(TestFactory.java:75)
	at common.TestFactory.endTestRun(TestFactory.java:75)
	at common.TestFactory.endTestRun(TestFactory.java:75)
	at common.TestFactory.endTestRun(TestFactory.java:75)
	at common.TestFactory.endTestRun(TestFactory.java:75)
	at common.TestFactory.endTestRun(TestFactory.java:75)
	at common.TestFactory.endTestRun(TestFactory.java:75)
	at common.TestFactory.endTestRun(TestFactory.java:75)
	at common.TestFactory.endTestRun(TestFactory.java:75)
	at common.TestFactory.endTestRun(TestFactory.java:75)
	at common.TestFactory.endTestRun(TestFactory.java:75)
	at common.TestFactory.endTestRun(TestFactory.java:75)
	at common.TestFactory.endTestRun(TestFactory.java:75)
	at common.TestFactory.endTestRun(TestFactory.java:75)
	at common.TestFactory.endTestRun(TestFactory.java:75)
	at common.TestFactory.endTestRun(TestFactory.java:75)
	at common.TestFactory.endTestRun(TestFactory.java:75)
	at common.TestFactory.endTestRun(TestFactory.java:75)
	at common.TestFactory.endTestRun(TestFactory.java:75)
	at common.TestFactory.endTestRun(TestFactory.java:75)
	at common.TestFactory.endTestRun(TestFactory.java:75)
	at common.TestFactory.endTestRun(TestFactory.java:75)
	at common.TestFactory.endTestRun(TestFactory.java:75)
	at common.TestFactory.endTestRun(TestFactory.java:75)
	at common.TestFactory.endTestRun(TestFactory.java:75)
	at common.TestFactory.endTestRun(TestFactory.java:75)
	at common.TestFactory.endTestRun(TestFactory.java:75)
	at common.TestFactory.endTestRun(TestFactory.java:75)
	at common.TestFactory.endTestRun(TestFactory.java:75)
	at common.TestFactory.endTestRun(TestFactory.java:75)
	at common.TestFactory.endTestRun(TestFactory.java:75)
	at common.TestFactory.endTestRun(TestFactory.java:75)
	at common.TestFactory.endTestRun(TestFactory.java:75)
	at common.TestFactory.endTestRun(TestFactory.java:75)
	at common.TestFactory.endTestRun(TestFactory.java:75)
	at common.TestFactory.endTestRun(TestFactory.java:75)
	at common.TestFactory.endTestRun(TestFactory.java:75)
	at common.TestFactory.endTestRun(TestFactory.java:75)
	at common.TestFactory.endTestRun(TestFactory.java:75)
	at common.TestFactory.endTestRun(TestFactory.java:75)
	at common.TestFactory.endTestRun(TestFactory.java:75)
	at common.TestFactory.endTestRun(TestFactory.java:75)
	at common.TestFactory.endTestRun(TestFactory.java:75)
	at common.TestFactory.endTestRun(TestFactory.java:75)
	at common.TestFactory.endTestRun(TestFactory.java:75)
	at common.TestFactory.endTestRun(TestFactory.java:75)
	at common.TestFactory.endTestRun(TestFactory.java:75)
	at common.TestFactory.endTestRun(TestFactory.java:75)
	at common.TestFactory.endTestRun(TestFactory.java:75)
	at common.TestFactory.endTestRun(TestFactory.java:75)
	at common.TestFactory.endTestRun(TestFactory.java:75)
	at common.TestFactory.endTestRun(TestFactory.java:75)
	at common.TestFactory.endTestRun(TestFactory.java:75)
	at common.TestFactory.endTestRun(TestFactory.java:75)
	at common.TestFactory.endTestRun(TestFactory.java:75)
	at common.TestFactory.endTestRun(TestFactory.java:75)
	at common.TestFactory.endTestRun(TestFactory.java:75)
	at common.TestFactory.endTestRun(TestFactory.java:75)
	at common.TestFactory.endTestRun(TestFactory.java:75)
	at common.TestFactory.endTestRun(TestFactory.java:75)
	at common.TestFactory.endTestRun(TestFactory.java:75)
	at common.TestFactory.endTestRun(TestFactory.java:75)
	at common.TestFactory.endTestRun(TestFactory.java:75)
	at common.TestFactory.endTestRun(TestFactory.java:75)
	at common.TestFactory.endTestRun(TestFactory.java:75)
	at common.TestFactory.endTestRun(TestFactory.java:75)
	at common.TestFactory.endTestRun(TestFactory.java:75)
	at common.TestFactory.endTestRun(TestFactory.java:75)
	at common.TestFactory.endTestRun(TestFactory.java:75)
	at common.TestFactory.endTestRun(TestFactory.java:75)
	at common.TestFactory.endTestRun(TestFactory.java:75)
	at common.TestFactory.endTestRun(TestFactory.java:75)
	at common.TestFactory.endTestRun(TestFactory.java:75)
	at common.TestFactory.endTestRun(TestFactory.java:75)
	at common.TestFactory.endTestRun(TestFactory.java:75)
	at common.TestFactory.endTestRun(TestFactory.java:75)
	at common.TestFactory.endTestRun(TestFactory.java:75)
	at common.TestFactory.endTestRun(TestFactory.java:75)
	at common.TestFactory.endTestRun(TestFactory.java:75)
	at common.TestFactory.endTestRun(TestFactory.java:75)
	at common.TestFactory.endTestRun(TestFactory.java:75)
	at common.TestFactory.endTestRun(TestFactory.java:75)
	at common.TestFactory.endTestRun(TestFactory.java:75)
	at common.TestFactory.endTestRun(TestFactory.java:75)
	at common.TestFactory.endTestRun(TestFactory.java:75)
	at common.TestFactory.endTestRun(TestFactory.java:75)
	at common.TestFactory.endTestRun(TestFactory.java:75)
	at common.TestFactory.endTestRun(TestFactory.java:75)
	at common.TestFactory.endTestRun(TestFactory.java:75)
	at common.TestFactory.endTestRun(TestFactory.java:75)
	at common.TestFactory.endTestRun(TestFactory.java:75)
	at common.TestFactory.endTestRun(TestFactory.java:75)
	at common.TestFactory.endTestRun(TestFactory.java:75)
	at common.TestFactory.endTestRun(TestFactory.java:75)
	at common.TestFactory.endTestRun(TestFactory.java:75)
	at common.TestFactory.endTestRun(TestFactory.java:75)
	at common.TestFactory.endTestRun(TestFactory.java:75)
	at common.TestFactory.endTestRun(TestFactory.java:75)
	at common.TestFactory.endTestRun(TestFactory.java:75)
	at common.TestFactory.endTestRun(TestFactory.java:75)
	at common.TestFactory.endTestRun(TestFactory.java:75)
	at common.TestFactory.endTestRun(TestFactory.java:75)
	at common.TestFactory.endTestRun(TestFactory.java:75)
	at common.TestFactory.endTestRun(TestFactory.java:75)
	at common.TestFactory.endTestRun(TestFactory.java:75)
	at common.TestFactory.endTestRun(TestFactory.java:75)
	at common.TestFactory.endTestRun(TestFactory.java:75)
	at common.TestFactory.endTestRun(TestFactory.java:75)
	at common.TestFactory.endTestRun(TestFactory.java:75)
	at common.TestFactory.endTestRun(TestFactory.java:75)
	at common.TestFactory.endTestRun(TestFactory.java:75)
	at common.TestFactory.endTestRun(TestFactory.java:75)
	at common.TestFactory.endTestRun(TestFactory.java:75)
	at common.TestFactory.endTestRun(TestFactory.java:75)
	at common.TestFactory.endTestRun(TestFactory.java:75)
	at common.TestFactory.endTestRun(TestFactory.java:75)
	at common.TestFactory.endTestRun(TestFactory.java:75)
	at common.TestFactory.endTestRun(TestFactory.java:75)
	at common.TestFactory.endTestRun(TestFactory.java:75)
	at common.TestFactory.endTestRun(TestFactory.java:75)
	at common.TestFactory.endTestRun(TestFactory.java:75)
	at common.TestFactory.endTestRun(TestFactory.java:75)
	at common.TestFactory.endTestRun(TestFactory.java:75)
	at common.TestFactory.endTestRun(TestFactory.java:75)
	at common.TestFactory.endTestRun(TestFactory.java:75)
	at common.TestFactory.endTestRun(TestFactory.java:75)
	at common.TestFactory.endTestRun(TestFactory.java:75)
	at common.TestFactory.endTestRun(TestFactory.java:75)
	at common.TestFactory.endTestRun(TestFactory.java:75)
	at common.TestFactory.endTestRun(TestFactory.java:75)
	at common.TestFactory.endTestRun(TestFactory.java:75)
	at common.TestFactory.endTestRun(TestFactory.java:75)
	at common.TestFactory.endTestRun(TestFactory.java:75)
	at common.TestFactory.endTestRun(TestFactory.java:75)
	at common.TestFactory.endTestRun(TestFactory.java:75)
	at common.TestFactory.endTestRun(TestFactory.java:75)
	at common.TestFactory.endTestRun(TestFactory.java:75)
	at common.TestFactory.endTestRun(TestFactory.java:75)
	at common.TestFactory.endTestRun(TestFactory.java:75)
	at common.TestFactory.endTestRun(TestFactory.java:75)
	at common.TestFactory.endTestRun(TestFactory.java:75)
	at common.TestFactory.endTestRun(TestFactory.java:75)
	at common.TestFactory.endTestRun(TestFactory.java:75)
	at common.TestFactory.endTestRun(TestFactory.java:75)
	at common.TestFactory.endTestRun(TestFactory.java:75)
	at common.TestFactory.endTestRun(TestFactory.java:75)
	at common.TestFactory.endTestRun(TestFactory.java:75)
	at common.TestFactory.endTestRun(TestFactory.java:75)
	at common.TestFactory.endTestRun(TestFactory.java:75)
	at common.TestFactory.endTestRun(TestFactory.java:75)
	at common.TestFactory.endTestRun(TestFactory.java:75)
	at common.TestFactory.endTestRun(TestFactory.java:75)
	at common.TestFactory.endTestRun(TestFactory.java:75)
	at common.TestFactory.endTestRun(TestFactory.java:75)
	at common.TestFactory.endTestRun(TestFactory.java:75)
	at common.TestFactory.endTestRun(TestFactory.java:75)
	at common.TestFactory.endTestRun(TestFactory.java:75)
	at common.TestFactory.endTestRun(TestFactory.java:75)
	at common.TestFactory.endTestRun(TestFactory.java:75)
	at common.TestFactory.endTestRun(TestFactory.java:75)
	at common.TestFactory.endTestRun(TestFactory.java:75)
	at common.TestFactory.endTestRun(TestFactory.java:75)
	at common.TestFactory.endTestRun(TestFactory.java:75)
	at common.TestFactory.endTestRun(TestFactory.java:75)
	at common.TestFactory.endTestRun(TestFactory.java:75)
	at common.TestFactory.endTestRun(TestFactory.java:75)
	at common.TestFactory.endTestRun(TestFactory.java:75)
	at common.TestFactory.endTestRun(TestFactory.java:75)
	at common.TestFactory.endTestRun(TestFactory.java:75)
	at common.TestFactory.endTestRun(TestFactory.java:75)
	at common.TestFactory.endTestRun(TestFactory.java:75)
	at common.TestFactory.endTestRun(TestFactory.java:75)
	at common.TestFactory.endTestRun(TestFactory.java:75)
	at common.TestFactory.endTestRun(TestFactory.java:75)
	at common.TestFactory.endTestRun(TestFactory.java:75)
	at common.TestFactory.endTestRun(TestFactory.java:75)
	at common.TestFactory.endTestRun(TestFactory.java:75)
	at common.TestFactory.endTestRun(TestFactory.java:75)
	at common.TestFactory.endTestRun(TestFactory.java:75)
	at common.TestFactory.endTestRun(TestFactory.java:75)
	at common.TestFactory.endTestRun(TestFactory.java:75)
	at common.TestFactory.endTestRun(TestFactory.java:75)
	at common.TestFactory.endTestRun(TestFactory.java:75)
	at common.TestFactory.endTestRun(TestFactory.java:75)
	at common.TestFactory.endTestRun(TestFactory.java:75)
	at common.TestFactory.endTestRun(TestFactory.java:75)
	at common.TestFactory.endTestRun(TestFactory.java:75)
	at common.TestFactory.endTestRun(TestFactory.java:75)
	at common.TestFactory.endTestRun(TestFactory.java:75)
	at common.TestFactory.endTestRun(TestFactory.java:75)
	at common.TestFactory.endTestRun(TestFactory.java:75)
	at common.TestFactory.endTestRun(TestFactory.java:75)
	at common.TestFactory.endTestRun(TestFactory.java:75)
	at common.TestFactory.endTestRun(TestFactory.java:75)
	at common.TestFactory.endTestRun(TestFactory.java:75)
	at common.TestFactory.endTestRun(TestFactory.java:75)
	at common.TestFactory.endTestRun(TestFactory.java:75)
	at common.TestFactory.endTestRun(TestFactory.java:75)
	at common.TestFactory.endTestRun(TestFactory.java:75)
	at common.TestFactory.endTestRun(TestFactory.java:75)
	at common.TestFactory.endTestRun(TestFactory.java:75)
	at common.TestFactory.endTestRun(TestFactory.java:75)
	at common.TestFactory.endTestRun(TestFactory.java:75)
	at common.TestFactory.endTestRun(TestFactory.java:75)
	at common.TestFactory.endTestRun(TestFactory.java:75)
	at common.TestFactory.endTestRun(TestFactory.java:75)
	at common.TestFactory.endTestRun(TestFactory.java:75)
	at common.TestFactory.endTestRun(TestFactory.java:75)
	at common.TestFactory.endTestRun(TestFactory.java:75)
	at common.TestFactory.endTestRun(TestFactory.java:75)
	at common.TestFactory.endTestRun(TestFactory.java:75)
	at common.TestFactory.endTestRun(TestFactory.java:75)
	at common.TestFactory.endTestRun(TestFactory.java:75)
	at common.TestFactory.endTestRun(TestFactory.java:75)
	at common.TestFactory.endTestRun(TestFactory.java:75)
	at common.TestFactory.endTestRun(TestFactory.java:75)
	at common.TestFactory.endTestRun(TestFactory.java:75)
	at common.TestFactory.endTestRun(TestFactory.java:75)
	at common.TestFactory.endTestRun(TestFactory.java:75)
	at common.TestFactory.endTestRun(TestFactory.java:75)
	at common.TestFactory.endTestRun(TestFactory.java:75)
	at common.TestFactory.endTestRun(TestFactory.java:75)
	at common.TestFactory.endTestRun(TestFactory.java:75)
	at common.TestFactory.endTestRun(TestFactory.java:75)
	at common.TestFactory.endTestRun(TestFactory.java:75)
	at common.TestFactory.endTestRun(TestFactory.java:75)
	at common.TestFactory.endTestRun(TestFactory.java:75)
	at common.TestFactory.endTestRun(TestFactory.java:75)
	at common.TestFactory.endTestRun(TestFactory.java:75)
	at common.TestFactory.endTestRun(TestFactory.java:75)
	at common.TestFactory.endTestRun(TestFactory.java:75)
	at common.TestFactory.endTestRun(TestFactory.java:75)
	at common.TestFactory.endTestRun(TestFactory.java:75)
	at common.TestFactory.endTestRun(TestFactory.java:75)
	at common.TestFactory.endTestRun(TestFactory.java:75)
	at common.TestFactory.endTestRun(TestFactory.java:75)
	at common.TestFactory.endTestRun(TestFactory.java:75)
	at common.TestFactory.endTestRun(TestFactory.java:75)
	at common.TestFactory.endTestRun(TestFactory.java:75)
	at common.TestFactory.endTestRun(TestFactory.java:75)
	at common.TestFactory.endTestRun(TestFactory.java:75)
	at common.TestFactory.endTestRun(TestFactory.java:75)
	at common.TestFactory.endTestRun(TestFactory.java:75)
	at common.TestFactory.endTestRun(TestFactory.java:75)
	at common.TestFactory.endTestRun(TestFactory.java:75)
	at common.TestFactory.endTestRun(TestFactory.java:75)
	at common.TestFactory.endTestRun(TestFactory.java:75)
	at common.TestFactory.endTestRun(TestFactory.java:75)
	at common.TestFactory.endTestRun(TestFactory.java:75)
	at common.TestFactory.endTestRun(TestFactory.java:75)
	at common.TestFactory.endTestRun(TestFactory.java:75)
	at common.TestFactory.endTestRun(TestFactory.java:75)
	at common.TestFactory.endTestRun(TestFactory.java:75)
	at common.TestFactory.endTestRun(TestFactory.java:75)
	at common.TestFactory.endTestRun(TestFactory.java:75)
	at common.TestFactory.endTestRun(TestFactory.java:75)
	at common.TestFactory.endTestRun(TestFactory.java:75)
	at common.TestFactory.endTestRun(TestFactory.java:75)
	at common.TestFactory.endTestRun(TestFactory.java:75)
	at common.TestFactory.endTestRun(TestFactory.java:75)
	at common.TestFactory.endTestRun(TestFactory.java:75)
	at common.TestFactory.endTestRun(TestFactory.java:75)
	at common.TestFactory.endTestRun(TestFactory.java:75)
	at common.TestFactory.endTestRun(TestFactory.java:75)
	at common.TestFactory.endTestRun(TestFactory.java:75)
	at common.TestFactory.endTestRun(TestFactory.java:75)
	at common.TestFactory.endTestRun(TestFactory.java:75)
	at common.TestFactory.endTestRun(TestFactory.java:75)
	at common.TestFactory.endTestRun(TestFactory.java:75)
	at common.TestFactory.endTestRun(TestFactory.java:75)
	at common.TestFactory.endTestRun(TestFactory.java:75)
	at common.TestFactory.endTestRun(TestFactory.java:75)
	at common.TestFactory.endTestRun(TestFactory.java:75)
	at common.TestFactory.endTestRun(TestFactory.java:75)
	at common.TestFactory.endTestRun(TestFactory.java:75)
	at common.TestFactory.endTestRun(TestFactory.java:75)
	at common.TestFactory.endTestRun(TestFactory.java:75)
	at common.TestFactory.endTestRun(TestFactory.java:75)
	at common.TestFactory.endTestRun(TestFactory.java:75)
	at common.TestFactory.endTestRun(TestFactory.java:75)
	at common.TestFactory.endTestRun(TestFactory.java:75)
	at common.TestFactory.endTestRun(TestFactory.java:75)
	at common.TestFactory.endTestRun(TestFactory.java:75)
	at common.TestFactory.endTestRun(TestFactory.java:75)
	at common.TestFactory.endTestRun(TestFactory.java:75)
	at common.TestFactory.endTestRun(TestFactory.java:75)
	at common.TestFactory.endTestRun(TestFactory.java:75)
	at common.TestFactory.endTestRun(TestFactory.java:75)
	at common.TestFactory.endTestRun(TestFactory.java:75)
	at common.TestFactory.endTestRun(TestFactory.java:75)
	at common.TestFactory.endTestRun(TestFactory.java:75)
	at common.TestFactory.endTestRun(TestFactory.java:75)
	at common.TestFactory.endTestRun(TestFactory.java:75)
	at common.TestFactory.endTestRun(TestFactory.java:75)
	at common.TestFactory.endTestRun(TestFactory.java:75)
	at common.TestFactory.endTestRun(TestFactory.java:75)
	at common.TestFactory.endTestRun(TestFactory.java:75)
	at common.TestFactory.endTestRun(TestFactory.java:75)
	at common.TestFactory.endTestRun(TestFactory.java:75)
	at common.TestFactory.endTestRun(TestFactory.java:75)
	at common.TestFactory.endTestRun(TestFactory.java:75)
	at common.TestFactory.endTestRun(TestFactory.java:75)
	at common.TestFactory.endTestRun(TestFactory.java:75)
	at common.TestFactory.endTestRun(TestFactory.java:75)
	at common.TestFactory.endTestRun(TestFactory.java:75)
	at common.TestFactory.endTestRun(TestFactory.java:75)
	at common.TestFactory.endTestRun(TestFactory.java:75)
	at common.TestFactory.endTestRun(TestFactory.java:75)
	at common.TestFactory.endTestRun(TestFactory.java:75)
	at common.TestFactory.endTestRun(TestFactory.java:75)
	at common.TestFactory.endTestRun(TestFactory.java:75)
	at common.TestFactory.endTestRun(TestFactory.java:75)
	at common.TestFactory.endTestRun(TestFactory.java:75)
	at common.TestFactory.endTestRun(TestFactory.java:75)
	at common.TestFactory.endTestRun(TestFactory.java:75)
	at common.TestFactory.endTestRun(TestFactory.java:75)
	at common.TestFactory.endTestRun(TestFactory.java:75)
	at common.TestFactory.endTestRun(TestFactory.java:75)
	at common.TestFactory.endTestRun(TestFactory.java:75)
	at common.TestFactory.endTestRun(TestFactory.java:75)
	at common.TestFactory.endTestRun(TestFactory.java:75)
	at common.TestFactory.endTestRun(TestFactory.java:75)
	at common.TestFactory.endTestRun(TestFactory.java:75)
	at common.TestFactory.endTestRun(TestFactory.java:75)
	at common.TestFactory.endTestRun(TestFactory.java:75)
	at common.TestFactory.endTestRun(TestFactory.java:75)
	at common.TestFactory.endTestRun(TestFactory.java:75)
	at common.TestFactory.endTestRun(TestFactory.java:75)
	at common.TestFactory.endTestRun(TestFactory.java:75)
	at common.TestFactory.endTestRun(TestFactory.java:75)
	at common.TestFactory.endTestRun(TestFactory.java:75)
	at common.TestFactory.endTestRun(TestFactory.java:75)
	at common.TestFactory.endTestRun(TestFactory.java:75)
	at common.TestFactory.endTestRun(TestFactory.java:75)
	at common.TestFactory.endTestRun(TestFactory.java:75)
	at common.TestFactory.endTestRun(TestFactory.java:75)
	at common.TestFactory.endTestRun(TestFactory.java:75)
	at common.TestFactory.endTestRun(TestFactory.java:75)
	at common.TestFactory.endTestRun(TestFactory.java:75)
	at common.TestFactory.endTestRun(TestFactory.java:75)
	at common.TestFactory.endTestRun(TestFactory.java:75)
	at common.TestFactory.endTestRun(TestFactory.java:75)
	at common.TestFactory.endTestRun(TestFactory.java:75)
	at common.TestFactory.endTestRun(TestFactory.java:75)
	at common.TestFactory.endTestRun(TestFactory.java:75)
	at common.TestFactory.endTestRun(TestFactory.java:75)
	at common.TestFactory.endTestRun(TestFactory.java:75)
	at common.TestFactory.endTestRun(TestFactory.java:75)
	at common.TestFactory.endTestRun(TestFactory.java:75)
	at common.TestFactory.endTestRun(TestFactory.java:75)
	at common.TestFactory.endTestRun(TestFactory.java:75)
	at common.TestFactory.endTestRun(TestFactory.java:75)
	at common.TestFactory.endTestRun(TestFactory.java:75)
	at common.TestFactory.endTestRun(TestFactory.java:75)
	at common.TestFactory.endTestRun(TestFactory.java:75)
	at common.TestFactory.endTestRun(TestFactory.java:75)
	at common.TestFactory.endTestRun(TestFactory.java:75)
	at common.TestFactory.endTestRun(TestFactory.java:75)
	at common.TestFactory.endTestRun(TestFactory.java:75)
	at common.TestFactory.endTestRun(TestFactory.java:75)
	at common.TestFactory.endTestRun(TestFactory.java:75)
	at common.TestFactory.endTestRun(TestFactory.java:75)
	at common.TestFactory.endTestRun(TestFactory.java:75)
	at common.TestFactory.endTestRun(TestFactory.java:75)
	at common.TestFactory.endTestRun(TestFactory.java:75)
	at common.TestFactory.endTestRun(TestFactory.java:75)
	at common.TestFactory.endTestRun(TestFactory.java:75)
	at common.TestFactory.endTestRun(TestFactory.java:75)
	at common.TestFactory.endTestRun(TestFactory.java:75)
	at common.TestFactory.endTestRun(TestFactory.java:75)
	at common.TestFactory.endTestRun(TestFactory.java:75)
	at common.TestFactory.endTestRun(TestFactory.java:75)
	at common.TestFactory.endTestRun(TestFactory.java:75)
	at common.TestFactory.endTestRun(TestFactory.java:75)
	at common.TestFactory.endTestRun(TestFactory.java:75)
	at common.TestFactory.endTestRun(TestFactory.java:75)
	at common.TestFactory.endTestRun(TestFactory.java:75)
	at common.TestFactory.endTestRun(TestFactory.java:75)
	at common.TestFactory.endTestRun(TestFactory.java:75)
	at common.TestFactory.endTestRun(TestFactory.java:75)
	at common.TestFactory.endTestRun(TestFactory.java:75)
	at common.TestFactory.endTestRun(TestFactory.java:75)
	at common.TestFactory.endTestRun(TestFactory.java:75)
	at common.TestFactory.endTestRun(TestFactory.java:75)
	at common.TestFactory.endTestRun(TestFactory.java:75)
	at common.TestFactory.endTestRun(TestFactory.java:75)
	at common.TestFactory.endTestRun(TestFactory.java:75)
	at common.TestFactory.endTestRun(TestFactory.java:75)
	at common.TestFactory.endTestRun(TestFactory.java:75)
	at common.TestFactory.endTestRun(TestFactory.java:75)
	at common.TestFactory.endTestRun(TestFactory.java:75)
	at common.TestFactory.endTestRun(TestFactory.java:75)
	at common.TestFactory.endTestRun(TestFactory.java:75)
	at common.TestFactory.endTestRun(TestFactory.java:75)
	at common.TestFactory.endTestRun(TestFactory.java:75)
	at common.TestFactory.endTestRun(TestFactory.java:75)
	at common.TestFactory.endTestRun(TestFactory.java:75)
	at common.TestFactory.endTestRun(TestFactory.java:75)
	at common.TestFactory.endTestRun(TestFactory.java:75)
	at common.TestFactory.endTestRun(TestFactory.java:75)
	at common.TestFactory.endTestRun(TestFactory.java:75)
	at common.TestFactory.endTestRun(TestFactory.java:75)
	at common.TestFactory.endTestRun(TestFactory.java:75)
	at common.TestFactory.endTestRun(TestFactory.java:75)
	at common.TestFactory.endTestRun(TestFactory.java:75)
	at common.TestFactory.endTestRun(TestFactory.java:75)
	at common.TestFactory.endTestRun(TestFactory.java:75)
	at common.TestFactory.endTestRun(TestFactory.java:75)
	at common.TestFactory.endTestRun(TestFactory.java:75)
	at common.TestFactory.endTestRun(TestFactory.java:75)
	at common.TestFactory.endTestRun(TestFactory.java:75)
	at common.TestFactory.endTestRun(TestFactory.java:75)
	at common.TestFactory.endTestRun(TestFactory.java:75)
	at common.TestFactory.endTestRun(TestFactory.java:75)
	at common.TestFactory.endTestRun(TestFactory.java:75)
	at common.TestFactory.endTestRun(TestFactory.java:75)
	at common.TestFactory.endTestRun(TestFactory.java:75)
	at common.TestFactory.endTestRun(TestFactory.java:75)
	at common.TestFactory.endTestRun(TestFactory.java:75)
	at common.TestFactory.endTestRun(TestFactory.java:75)
	at common.TestFactory.endTestRun(TestFactory.java:75)
	at common.TestFactory.endTestRun(TestFactory.java:75)
	at common.TestFactory.endTestRun(TestFactory.java:75)
	at common.TestFactory.endTestRun(TestFactory.java:75)
	at common.TestFactory.endTestRun(TestFactory.java:75)
	at common.TestFactory.endTestRun(TestFactory.java:75)
	at common.TestFactory.endTestRun(TestFactory.java:75)
	at common.TestFactory.endTestRun(TestFactory.java:75)
	at common.TestFactory.endTestRun(TestFactory.java:75)
	at common.TestFactory.endTestRun(TestFactory.java:75)
	at common.TestFactory.endTestRun(TestFactory.java:75)
	at common.TestFactory.endTestRun(TestFactory.java:75)
	at common.TestFactory.endTestRun(TestFactory.java:75)
	at common.TestFactory.endTestRun(TestFactory.java:75)
	at common.TestFactory.endTestRun(TestFactory.java:75)
	at common.TestFactory.endTestRun(TestFactory.java:75)
	at common.TestFactory.endTestRun(TestFactory.java:75)
	at common.TestFactory.endTestRun(TestFactory.java:75)
	at common.TestFactory.endTestRun(TestFactory.java:75)
	at common.TestFactory.endTestRun(TestFactory.java:75)
	at common.TestFactory.endTestRun(TestFactory.java:75)
	at common.TestFactory.endTestRun(TestFactory.java:75)
	at common.TestFactory.endTestRun(TestFactory.java:75)
	at common.TestFactory.endTestRun(TestFactory.java:75)
	at common.TestFactory.endTestRun(TestFactory.java:75)
	at common.TestFactory.endTestRun(TestFactory.java:75)
	at common.TestFactory.endTestRun(TestFactory.java:75)
	at common.TestFactory.endTestRun(TestFactory.java:75)
	at common.TestFactory.endTestRun(TestFactory.java:75)
	at common.TestFactory.endTestRun(TestFactory.java:75)
	at common.TestFactory.endTestRun(TestFactory.java:75)
	at common.TestFactory.endTestRun(TestFactory.java:75)
	at common.TestFactory.endTestRun(TestFactory.java:75)
	at common.TestFactory.endTestRun(TestFactory.java:75)
	at common.TestFactory.endTestRun(TestFactory.java:75)
	at common.TestFactory.endTestRun(TestFactory.java:75)
	at common.TestFactory.endTestRun(TestFactory.java:75)
	at common.TestFactory.endTestRun(TestFactory.java:75)
	at common.TestFactory.endTestRun(TestFactory.java:75)
	at common.TestFactory.endTestRun(TestFactory.java:75)
	at common.TestFactory.endTestRun(TestFactory.java:75)
	at common.TestFactory.endTestRun(TestFactory.java:75)
	at common.TestFactory.endTestRun(TestFactory.java:75)
	at common.TestFactory.endTestRun(TestFactory.java:75)
	at common.TestFactory.endTestRun(TestFactory.java:75)
	at common.TestFactory.endTestRun(TestFactory.java:75)
	at common.TestFactory.endTestRun(TestFactory.java:75)
	at common.TestFactory.endTestRun(TestFactory.java:75)
	at common.TestFactory.endTestRun(TestFactory.java:75)
	at common.TestFactory.endTestRun(TestFactory.java:75)
	at common.TestFactory.endTestRun(TestFactory.java:75)
	at common.TestFactory.endTestRun(TestFactory.java:75)
	at common.TestFactory.endTestRun(TestFactory.java:75)
	at common.TestFactory.endTestRun(TestFactory.java:75)
	at common.TestFactory.endTestRun(TestFactory.java:75)
	at common.TestFactory.endTestRun(TestFactory.java:75)
	at common.TestFactory.endTestRun(TestFactory.java:75)
	at common.TestFactory.endTestRun(TestFactory.java:75)
	at common.TestFactory.endTestRun(TestFactory.java:75)
	at common.TestFactory.endTestRun(TestFactory.java:75)
	at common.TestFactory.endTestRun(TestFactory.java:75)
	at common.TestFactory.endTestRun(TestFactory.java:75)
	at common.TestFactory.endTestRun(TestFactory.java:75)
	at common.TestFactory.endTestRun(TestFactory.java:75)
	at common.TestFactory.endTestRun(TestFactory.java:75)
	at common.TestFactory.endTestRun(TestFactory.java:75)
	at common.TestFactory.endTestRun(TestFactory.java:75)
	at common.TestFactory.endTestRun(TestFactory.java:75)
	at common.TestFactory.endTestRun(TestFactory.java:75)
	at common.TestFactory.endTestRun(TestFactory.java:75)
	at common.TestFactory.endTestRun(TestFactory.java:75)
	at common.TestFactory.endTestRun(TestFactory.java:75)
	at common.TestFactory.endTestRun(TestFactory.java:75)
	at common.TestFactory.endTestRun(TestFactory.java:75)
	at common.TestFactory.endTestRun(TestFactory.java:75)
	at common.TestFactory.endTestRun(TestFactory.java:75)
	at common.TestFactory.endTestRun(TestFactory.java:75)
	at common.TestFactory.endTestRun(TestFactory.java:75)
	at common.TestFactory.endTestRun(TestFactory.java:75)
	at common.TestFactory.endTestRun(TestFactory.java:75)
	at common.TestFactory.endTestRun(TestFactory.java:75)
	at common.TestFactory.endTestRun(TestFactory.java:75)
	at common.TestFactory.endTestRun(TestFactory.java:75)
	at common.TestFactory.endTestRun(TestFactory.java:75)
	at common.TestFactory.endTestRun(TestFactory.java:75)
	at common.TestFactory.endTestRun(TestFactory.java:75)
	at common.TestFactory.endTestRun(TestFactory.java:75)
	at common.TestFactory.endTestRun(TestFactory.java:75)
	at common.TestFactory.endTestRun(TestFactory.java:75)
	at common.TestFactory.endTestRun(TestFactory.java:75)
	at common.TestFactory.endTestRun(TestFactory.java:75)
	at common.TestFactory.endTestRun(TestFactory.java:75)
	at common.TestFactory.endTestRun(TestFactory.java:75)
	at common.TestFactory.endTestRun(TestFactory.java:75)
	at common.TestFactory.endTestRun(TestFactory.java:75)
	at common.TestFactory.endTestRun(TestFactory.java:75)
	at common.TestFactory.endTestRun(TestFactory.java:75)
	at common.TestFactory.endTestRun(TestFactory.java:75)
	at common.TestFactory.endTestRun(TestFactory.java:75)
	at common.TestFactory.endTestRun(TestFactory.java:75)
	at common.TestFactory.endTestRun(TestFactory.java:75)
	at common.TestFactory.endTestRun(TestFactory.java:75)
	at common.TestFactory.endTestRun(TestFactory.java:75)
	at common.TestFactory.endTestRun(TestFactory.java:75)
	at common.TestFactory.endTestRun(TestFactory.java:75)
	at common.TestFactory.endTestRun(TestFactory.java:75)
	at common.TestFactory.endTestRun(TestFactory.java:75)
	at common.TestFactory.endTestRun(TestFactory.java:75)
	at common.TestFactory.endTestRun(TestFactory.java:75)
	at common.TestFactory.endTestRun(TestFactory.java:75)
	at common.TestFactory.endTestRun(TestFactory.java:75)
	at common.TestFactory.endTestRun(TestFactory.java:75)
	at common.TestFactory.endTestRun(TestFactory.java:75)
	at common.TestFactory.endTestRun(TestFactory.java:75)
	at common.TestFactory.endTestRun(TestFactory.java:75)
	at common.TestFactory.endTestRun(TestFactory.java:75)
	at common.TestFactory.endTestRun(TestFactory.java:75)
	at common.TestFactory.endTestRun(TestFactory.java:75)
	at common.TestFactory.endTestRun(TestFactory.java:75)
	at common.TestFactory.endTestRun(TestFactory.java:75)
	at common.TestFactory.endTestRun(TestFactory.java:75)
	at common.TestFactory.endTestRun(TestFactory.java:75)
	at common.TestFactory.endTestRun(TestFactory.java:75)
	at common.TestFactory.endTestRun(TestFactory.java:75)
	at common.TestFactory.endTestRun(TestFactory.java:75)
	at common.TestFactory.endTestRun(TestFactory.java:75)
	at common.TestFactory.endTestRun(TestFactory.java:75)
	at common.TestFactory.endTestRun(TestFactory.java:75)
	at common.TestFactory.endTestRun(TestFactory.java:75)
	at common.TestFactory.endTestRun(TestFactory.java:75)
	at common.TestFactory.endTestRun(TestFactory.java:75)
	at common.TestFactory.endTestRun(TestFactory.java:75)
	at common.TestFactory.endTestRun(TestFactory.java:75)
	at common.TestFactory.endTestRun(TestFactory.java:75)
	at common.TestFactory.endTestRun(TestFactory.java:75)
	at common.TestFactory.endTestRun(TestFactory.java:75)
	at common.TestFactory.endTestRun(TestFactory.java:75)
	at common.TestFactory.endTestRun(TestFactory.java:75)
	at common.TestFactory.endTestRun(TestFactory.java:75)
	at common.TestFactory.endTestRun(TestFactory.java:75)
	at common.TestFactory.endTestRun(TestFactory.java:75)
	at common.TestFactory.endTestRun(TestFactory.java:75)
	at common.TestFactory.endTestRun(TestFactory.java:75)
	at common.TestFactory.endTestRun(TestFactory.java:75)
	at common.TestFactory.endTestRun(TestFactory.java:75)
	at common.TestFactory.endTestRun(TestFactory.java:75)
	at common.TestFactory.endTestRun(TestFactory.java:75)
	at common.TestFactory.endTestRun(TestFactory.java:75)
	at common.TestFactory.endTestRun(TestFactory.java:75)
	at common.TestFactory.endTestRun(TestFactory.java:75)
	at common.TestFactory.endTestRun(TestFactory.java:75)
	at common.TestFactory.endTestRun(TestFactory.java:75)
	at common.TestFactory.endTestRun(TestFactory.java:75)
	at common.TestFactory.endTestRun(TestFactory.java:75)
	at common.TestFactory.endTestRun(TestFactory.java:75)
	at common.TestFactory.endTestRun(TestFactory.java:75)
	at common.TestFactory.endTestRun(TestFactory.java:75)
	at common.TestFactory.endTestRun(TestFactory.java:75)
	at common.TestFactory.endTestRun(TestFactory.java:75)
	at common.TestFactory.endTestRun(TestFactory.java:75)
	at common.TestFactory.endTestRun(TestFactory.java:75)
	at common.TestFactory.endTestRun(TestFactory.java:75)
	at common.TestFactory.endTestRun(TestFactory.java:75)
	at common.TestFactory.endTestRun(TestFactory.java:75)
	at common.TestFactory.endTestRun(TestFactory.java:75)
	at common.TestFactory.endTestRun(TestFactory.java:75)
	at common.TestFactory.endTestRun(TestFactory.java:75)
	at common.TestFactory.endTestRun(TestFactory.java:75)
	at common.TestFactory.endTestRun(TestFactory.java:75)
	at common.TestFactory.endTestRun(TestFactory.java:75)
	at common.TestFactory.endTestRun(TestFactory.java:75)
	at common.TestFactory.endTestRun(TestFactory.java:75)
	at common.TestFactory.endTestRun(TestFactory.java:75)
	at common.TestFactory.endTestRun(TestFactory.java:75)
	at common.TestFactory.endTestRun(TestFactory.java:75)
	at common.TestFactory.endTestRun(TestFactory.java:75)
	at common.TestFactory.endTestRun(TestFactory.java:75)
	at common.TestFactory.endTestRun(TestFactory.java:75)
	at common.TestFactory.endTestRun(TestFactory.java:75)
	at common.TestFactory.endTestRun(TestFactory.java:75)
	at common.TestFactory.endTestRun(TestFactory.java:75)
	at common.TestFactory.endTestRun(TestFactory.java:75)
	at common.TestFactory.endTestRun(TestFactory.java:75)
	at common.TestFactory.endTestRun(TestFactory.java:75)
	at common.TestFactory.endTestRun(TestFactory.java:75)
	at common.TestFactory.endTestRun(TestFactory.java:75)
	at common.TestFactory.endTestRun(TestFactory.java:75)
	at common.TestFactory.endTestRun(TestFactory.java:75)
	at common.TestFactory.endTestRun(TestFactory.java:75)
	at common.TestFactory.endTestRun(TestFactory.java:75)
	at common.TestFactory.endTestRun(TestFactory.java:75)
	at common.TestFactory.endTestRun(TestFactory.java:75)
	at common.TestFactory.endTestRun(TestFactory.java:75)
	at common.TestFactory.endTestRun(TestFactory.java:75)
	at common.TestFactory.endTestRun(TestFactory.java:75)
	at common.TestFactory.endTestRun(TestFactory.java:75)
	at common.TestFactory.endTestRun(TestFactory.java:75)
	at common.TestFactory.endTestRun(TestFactory.java:75)
	at common.TestFactory.endTestRun(TestFactory.java:75)
	at common.TestFactory.endTestRun(TestFactory.java:75)
	at common.TestFactory.endTestRun(TestFactory.java:75)
	at common.TestFactory.endTestRun(TestFactory.java:75)
	at common.TestFactory.endTestRun(TestFactory.java:75)
	at common.TestFactory.endTestRun(TestFactory.java:75)
	at common.TestFactory.endTestRun(TestFactory.java:75)
	at common.TestFactory.endTestRun(TestFactory.java:75)
	at common.TestFactory.endTestRun(TestFactory.java:75)
	at common.TestFactory.endTestRun(TestFactory.java:75)
	at common.TestFactory.endTestRun(TestFactory.java:75)
	at common.TestFactory.endTestRun(TestFactory.java:75)
	at common.TestFactory.endTestRun(TestFactory.java:75)
	at common.TestFactory.endTestRun(TestFactory.java:75)
	at common.TestFactory.endTestRun(TestFactory.java:75)
	at common.TestFactory.endTestRun(TestFactory.java:75)
	at common.TestFactory.endTestRun(TestFactory.java:75)
	at common.TestFactory.endTestRun(TestFactory.java:75)
	at common.TestFactory.endTestRun(TestFactory.java:75)
	at common.TestFactory.endTestRun(TestFactory.java:75)
	at common.TestFactory.endTestRun(TestFactory.java:75)
	at common.TestFactory.endTestRun(TestFactory.java:75)
	at common.TestFactory.endTestRun(TestFactory.java:75)
	at common.TestFactory.endTestRun(TestFactory.java:75)
	at common.TestFactory.endTestRun(TestFactory.java:75)
	at common.TestFactory.endTestRun(TestFactory.java:75)
	at common.TestFactory.endTestRun(TestFactory.java:75)
	at common.TestFactory.endTestRun(TestFactory.java:75)
	at common.TestFactory.endTestRun(TestFactory.java:75)
	at common.TestFactory.endTestRun(TestFactory.java:75)
	at common.TestFactory.endTestRun(TestFactory.java:75)
	at common.TestFactory.endTestRun(TestFactory.java:75)
	at common.TestFactory.endTestRun(TestFactory.java:75)
	at common.TestFactory.endTestRun(TestFactory.java:75)
	at common.TestFactory.endTestRun(TestFactory.java:75)
	at common.TestFactory.endTestRun(TestFactory.java:75)
	at common.TestFactory.endTestRun(TestFactory.java:75)
	at common.TestFactory.endTestRun(TestFactory.java:75)
	at common.TestFactory.endTestRun(TestFactory.java:75)
	at common.TestFactory.endTestRun(TestFactory.java:75)
	at common.TestFactory.endTestRun(TestFactory.java:75)
	at common.TestFactory.endTestRun(TestFactory.java:75)
	at common.TestFactory.endTestRun(TestFactory.java:75)
	at common.TestFactory.endTestRun(TestFactory.java:75)
	at common.TestFactory.endTestRun(TestFactory.java:75)
	at common.TestFactory.endTestRun(TestFactory.java:75)
	at common.TestFactory.endTestRun(TestFactory.java:75)
	at common.TestFactory.endTestRun(TestFactory.java:75)
	at common.TestFactory.endTestRun(TestFactory.java:75)
	at common.TestFactory.endTestRun(TestFactory.java:75)
	at common.TestFactory.endTestRun(TestFactory.java:75)
	at common.TestFactory.endTestRun(TestFactory.java:75)
	at common.TestFactory.endTestRun(TestFactory.java:75)
	at common.TestFactory.endTestRun(TestFactory.java:75)
	at common.TestFactory.endTestRun(TestFactory.java:75)
	at common.TestFactory.endTestRun(TestFactory.java:75)
	at common.TestFactory.endTestRun(TestFactory.java:75)
	at common.TestFactory.endTestRun(TestFactory.java:75)
	at common.TestFactory.endTestRun(TestFactory.java:75)
	at common.TestFactory.endTestRun(TestFactory.java:75)
	at common.TestFactory.endTestRun(TestFactory.java:75)
	at common.TestFactory.endTestRun(TestFactory.java:75)
	at common.TestFactory.endTestRun(TestFactory.java:75)
	at common.TestFactory.endTestRun(TestFactory.java:75)
	at common.TestFactory.endTestRun(TestFactory.java:75)
	at common.TestFactory.endTestRun(TestFactory.java:75)
	at common.TestFactory.endTestRun(TestFactory.java:75)
	at common.TestFactory.endTestRun(TestFactory.java:75)
	at common.TestFactory.endTestRun(TestFactory.java:75)
	at common.TestFactory.endTestRun(TestFactory.java:75)
	at common.TestFactory.endTestRun(TestFactory.java:75)
	at common.TestFactory.endTestRun(TestFactory.java:75)
	at common.TestFactory.endTestRun(TestFactory.java:75)
	at common.TestFactory.endTestRun(TestFactory.java:75)
	at common.TestFactory.endTestRun(TestFactory.java:75)
	at common.TestFactory.endTestRun(TestFactory.java:75)
	at common.TestFactory.endTestRun(TestFactory.java:75)
	at common.TestFactory.endTestRun(TestFactory.java:75)
	at common.TestFactory.endTestRun(TestFactory.java:75)
	at common.TestFactory.endTestRun(TestFactory.java:75)
	at common.TestFactory.endTestRun(TestFactory.java:75)
	at common.TestFactory.endTestRun(TestFactory.java:75)
	at common.TestFactory.endTestRun(TestFactory.java:75)
	at common.TestFactory.endTestRun(TestFactory.java:75)
	at common.TestFactory.endTestRun(TestFactory.java:75)
	at common.TestFactory.endTestRun(TestFactory.java:75)
	at common.TestFactory.endTestRun(TestFactory.java:75)
	at common.TestFactory.endTestRun(TestFactory.java:75)
	at common.TestFactory.endTestRun(TestFactory.java:75)
	at common.TestFactory.endTestRun(TestFactory.java:75)
	at common.TestFactory.endTestRun(TestFactory.java:75)
	at common.TestFactory.endTestRun(TestFactory.java:75)
	at common.TestFactory.endTestRun(TestFactory.java:75)
	at common.TestFactory.endTestRun(TestFactory.java:75)
	at common.TestFactory.endTestRun(TestFactory.java:75)
	at common.TestFactory.endTestRun(TestFactory.java:75)
	at common.TestFactory.endTestRun(TestFactory.java:75)
	at common.TestFactory.endTestRun(TestFactory.java:75)
	at common.TestFactory.endTestRun(TestFactory.java:75)
	at common.TestFactory.endTestRun(TestFactory.java:75)
	at common.TestFactory.endTestRun(TestFactory.java:75)
	at common.TestFactory.endTestRun(TestFactory.java:75)
	at common.TestFactory.endTestRun(TestFactory.java:75)
	at common.TestFactory.endTestRun(TestFactory.java:75)
	at common.TestFactory.endTestRun(TestFactory.java:75)
	at common.TestFactory.endTestRun(TestFactory.java:75)
	at common.TestFactory.endTestRun(TestFactory.java:75)
	at common.TestFactory.endTestRun(TestFactory.java:75)
	at common.TestFactory.endTestRun(TestFactory.java:75)
	at common.TestFactory.endTestRun(TestFactory.java:75)
	at common.TestFactory.endTestRun(TestFactory.java:75)
	at common.TestFactory.endTestRun(TestFactory.java:75)
	at common.TestFactory.endTestRun(TestFactory.java:75)
	at common.TestFactory.endTestRun(TestFactory.java:75)
	at common.TestFactory.endTestRun(TestFactory.java:75)
	at common.TestFactory.endTestRun(TestFactory.java:75)
	at common.TestFactory.endTestRun(TestFactory.java:75)
	at common.TestFactory.endTestRun(TestFactory.java:75)
	at common.TestFactory.endTestRun(TestFactory.java:75)
	at common.TestFactory.endTestRun(TestFactory.java:75)
	at common.TestFactory.endTestRun(TestFactory.java:75)
	at common.TestFactory.endTestRun(TestFactory.java:75)
	at common.TestFactory.endTestRun(TestFactory.java:75)
	at common.TestFactory.endTestRun(TestFactory.java:75)
	at common.TestFactory.endTestRun(TestFactory.java:75)
	at common.TestFactory.endTestRun(TestFactory.java:75)
	at common.TestFactory.endTestRun(TestFactory.java:75)
	at common.TestFactory.endTestRun(TestFactory.java:75)
	at common.TestFactory.endTestRun(TestFactory.java:75)
	at common.TestFactory.endTestRun(TestFactory.java:75)
	at common.TestFactory.endTestRun(TestFactory.java:75)
	at common.TestFactory.endTestRun(TestFactory.java:75)
	at common.TestFactory.endTestRun(TestFactory.java:75)
	at common.TestFactory.endTestRun(TestFactory.java:75)
	at common.TestFactory.endTestRun(TestFactory.java:75)
	at common.TestFactory.endTestRun(TestFactory.java:75)
	at common.TestFactory.endTestRun(TestFactory.java:75)
	at common.TestFactory.endTestRun(TestFactory.java:75)
	at common.TestFactory.endTestRun(TestFactory.java:75)
	at common.TestFactory.endTestRun(TestFactory.java:75)
	at common.TestFactory.endTestRun(TestFactory.java:75)
	at common.TestFactory.endTestRun(TestFactory.java:75)
	at common.TestFactory.endTestRun(TestFactory.java:75)
	at common.TestFactory.endTestRun(TestFactory.java:75)
	at common.TestFactory.endTestRun(TestFactory.java:75)
	at common.TestFactory.endTestRun(TestFactory.java:75)
	at common.TestFactory.endTestRun(TestFactory.java:75)
	at common.TestFactory.endTestRun(TestFactory.java:75)
	at common.TestFactory.endTestRun(TestFactory.java:75)
	at common.TestFactory.endTestRun(TestFactory.java:75)
	at common.TestFactory.endTestRun(TestFactory.java:75)
	at common.TestFactory.endTestRun(TestFactory.java:75)
	at common.TestFactory.endTestRun(TestFactory.java:75)
	at common.TestFactory.endTestRun(TestFactory.java:75)
	at common.TestFactory.endTestRun(TestFactory.java:75)
... Removed 24 stack frames]]>
    </failure>
  </testcase> <!-- feature -->
</testsuite> <!-- Thread1 -->
