<?xml version="1.0" encoding="UTF-8"?>
<testng-results skipped="0" failed="1" total="1" passed="0">
  <reporter-output>
  </reporter-output>
  <suite name="Test runner" duration-ms="543" started-at="2021-06-20T16:38:58Z" finished-at="2021-06-20T16:38:59Z">
    <groups>
      <group name="cucumber">
        <method signature="AbstractTestNGCucumberTests.feature(cucumber.api.testng.CucumberFeatureWrapper)[pri:0, instance:test.runners.TestRunner@11a9e7c8]" name="feature" class="cucumber.api.testng.AbstractTestNGCucumberTests"/>
      </group> <!-- cucumber -->
    </groups>
    <test name="Thread1" duration-ms="543" started-at="2021-06-20T16:38:58Z" finished-at="2021-06-20T16:38:59Z">
      <class name="test.runners.TestRunner">
        <test-method status="PASS" signature="before()[pri:0, instance:test.runners.TestRunner@11a9e7c8]" name="before" is-config="true" duration-ms="13" started-at="2021-06-20T22:08:58Z" finished-at="2021-06-20T22:08:59Z">
          <reporter-output>
          </reporter-output>
        </test-method> <!-- before -->
        <test-method status="PASS" signature="setUpClass()[pri:0, instance:test.runners.TestRunner@11a9e7c8]" name="setUpClass" is-config="true" duration-ms="259" started-at="2021-06-20T22:08:59Z" finished-at="2021-06-20T22:08:59Z">
          <reporter-output>
          </reporter-output>
        </test-method> <!-- setUpClass -->
        <test-method status="FAIL" signature="feature(cucumber.api.testng.CucumberFeatureWrapper)[pri:0, instance:test.runners.TestRunner@11a9e7c8]" name="feature" duration-ms="118" started-at="2021-06-20T22:08:59Z" description="Runs Cucumber Feature" data-provider="features" finished-at="2021-06-20T22:08:59Z">
          <params>
            <param index="0">
              <value>
                <![CDATA[launch]]>
              </value>
            </param>
          </params>
          <exception class="cucumber.runtime.CucumberException">
            <message>
              <![CDATA[java.lang.StackOverflowError]]>
            </message>
            <full-stacktrace>
              <![CDATA[cucumber.runtime.CucumberException: java.lang.StackOverflowError
	at cucumber.api.testng.TestNGCucumberRunner.runCucumber(TestNGCucumberRunner.java:69)
	at cucumber.api.testng.AbstractTestNGCucumberTests.feature(AbstractTestNGCucumberTests.java:21)
	at sun.reflect.NativeMethodAccessorImpl.invoke0(Native Method)
	at sun.reflect.NativeMethodAccessorImpl.invoke(NativeMethodAccessorImpl.java:62)
	at sun.reflect.DelegatingMethodAccessorImpl.invoke(DelegatingMethodAccessorImpl.java:43)
	at java.lang.reflect.Method.invoke(Method.java:498)
	at org.testng.internal.MethodInvocationHelper.invokeMethod(MethodInvocationHelper.java:80)
	at org.testng.internal.Invoker.invokeMethod(Invoker.java:714)
	at org.testng.internal.Invoker.invokeTestMethod(Invoker.java:901)
	at org.testng.internal.Invoker.invokeTestMethods(Invoker.java:1231)
	at org.testng.internal.TestMethodWorker.invokeTestMethods(TestMethodWorker.java:127)
	at org.testng.internal.TestMethodWorker.run(TestMethodWorker.java:111)
	at org.testng.TestRunner.privateRun(TestRunner.java:767)
	at org.testng.TestRunner.run(TestRunner.java:617)
	at org.testng.SuiteRunner.runTest(SuiteRunner.java:334)
	at org.testng.SuiteRunner.runSequentially(SuiteRunner.java:329)
	at org.testng.SuiteRunner.privateRun(SuiteRunner.java:291)
	at org.testng.SuiteRunner.run(SuiteRunner.java:240)
	at org.testng.SuiteRunnerWorker.runSuite(SuiteRunnerWorker.java:52)
	at org.testng.SuiteRunnerWorker.run(SuiteRunnerWorker.java:86)
	at org.testng.TestNG.runSuitesSequentially(TestNG.java:1198)
	at org.testng.TestNG.runSuitesLocally(TestNG.java:1123)
	at org.testng.TestNG.run(TestNG.java:1031)
	at org.testng.remote.AbstractRemoteTestNG.run(AbstractRemoteTestNG.java:114)
	at org.testng.remote.RemoteTestNG.initAndRun(RemoteTestNG.java:251)
	at org.testng.remote.RemoteTestNG.main(RemoteTestNG.java:77)
Caused by: java.lang.StackOverflowError
	at common.TestFactory.endTestRun(TestFactory.java:60)
	at common.TestFactory.endTestRun(TestFactory.java:75)
	at common.TestFactory.endTestRun(TestFactory.java:75)
	at common.TestFactory.endTestRun(TestFactory.java:75)
	at common.TestFactory.endTestRun(TestFactory.java:75)
	at common.TestFactory.endTestRun(TestFactory.java:75)
	at common.TestFactory.endTestRun(TestFactory.java:75)
	at common.TestFactory.endTestRun(TestFactory.java:75)
	at common.TestFactory.endTestRun(TestFactory.java:75)
	at common.TestFactory.endTestRun(TestFactory.java:75)
	at common.TestFactory.endTestRun(TestFactory.java:75)
	at common.TestFactory.endTestRun(TestFactory.java:75)
	at common.TestFactory.endTestRun(TestFactory.java:75)
	at common.TestFactory.endTestRun(TestFactory.java:75)
	at common.TestFactory.endTestRun(TestFactory.java:75)
	at common.TestFactory.endTestRun(TestFactory.java:75)
	at common.TestFactory.endTestRun(TestFactory.java:75)
	at common.TestFactory.endTestRun(TestFactory.java:75)
	at common.TestFactory.endTestRun(TestFactory.java:75)
	at common.TestFactory.endTestRun(TestFactory.java:75)
	at common.TestFactory.endTestRun(TestFactory.java:75)
	at common.TestFactory.endTestRun(TestFactory.java:75)
	at common.TestFactory.endTestRun(TestFactory.java:75)
	at common.TestFactory.endTestRun(TestFactory.java:75)
	at common.TestFactory.endTestRun(TestFactory.java:75)
	at common.TestFactory.endTestRun(TestFactory.java:75)
	at common.TestFactory.endTestRun(TestFactory.java:75)
	at common.TestFactory.endTestRun(TestFactory.java:75)
	at common.TestFactory.endTestRun(TestFactory.java:75)
	at common.TestFactory.endTestRun(TestFactory.java:75)
	at common.TestFactory.endTestRun(TestFactory.java:75)
	at common.TestFactory.endTestRun(TestFactory.java:75)
	at common.TestFactory.endTestRun(TestFactory.java:75)
	at common.TestFactory.endTestRun(TestFactory.java:75)
	at common.TestFactory.endTestRun(TestFactory.java:75)
	at common.TestFactory.endTestRun(TestFactory.java:75)
	at common.TestFactory.endTestRun(TestFactory.java:75)
	at common.TestFactory.endTestRun(TestFactory.java:75)
	at common.TestFactory.endTestRun(TestFactory.java:75)
	at common.TestFactory.endTestRun(TestFactory.java:75)
	at common.TestFactory.endTestRun(TestFactory.java:75)
	at common.TestFactory.endTestRun(TestFactory.java:75)
	at common.TestFactory.endTestRun(TestFactory.java:75)
	at common.TestFactory.endTestRun(TestFactory.java:75)
	at common.TestFactory.endTestRun(TestFactory.java:75)
	at common.TestFactory.endTestRun(TestFactory.java:75)
	at common.TestFactory.endTestRun(TestFactory.java:75)
	at common.TestFactory.endTestRun(TestFactory.java:75)
	at common.TestFactory.endTestRun(TestFactory.java:75)
	at common.TestFactory.endTestRun(TestFactory.java:75)
	at common.TestFactory.endTestRun(TestFactory.java:75)
	at common.TestFactory.endTestRun(TestFactory.java:75)
	at common.TestFactory.endTestRun(TestFactory.java:75)
	at common.TestFactory.endTestRun(TestFactory.java:75)
	at common.TestFactory.endTestRun(TestFactory.java:75)
	at common.TestFactory.endTestRun(TestFactory.java:75)
	at common.TestFactory.endTestRun(TestFactory.java:75)
	at common.TestFactory.endTestRun(TestFactory.java:75)
	at common.TestFactory.endTestRun(TestFactory.java:75)
	at common.TestFactory.endTestRun(TestFactory.java:75)
	at common.TestFactory.endTestRun(TestFactory.java:75)
	at common.TestFactory.endTestRun(TestFactory.java:75)
	at common.TestFactory.endTestRun(TestFactory.java:75)
	at common.TestFactory.endTestRun(TestFactory.java:75)
	at common.TestFactory.endTestRun(TestFactory.java:75)
	at common.TestFactory.endTestRun(TestFactory.java:75)
	at common.TestFactory.endTestRun(TestFactory.java:75)
	at common.TestFactory.endTestRun(TestFactory.java:75)
	at common.TestFactory.endTestRun(TestFactory.java:75)
	at common.TestFactory.endTestRun(TestFactory.java:75)
	at common.TestFactory.endTestRun(TestFactory.java:75)
	at common.TestFactory.endTestRun(TestFactory.java:75)
	at common.TestFactory.endTestRun(TestFactory.java:75)
	at common.TestFactory.endTestRun(TestFactory.java:75)
	at common.TestFactory.endTestRun(TestFactory.java:75)
	at common.TestFactory.endTestRun(TestFactory.java:75)
	at common.TestFactory.endTestRun(TestFactory.java:75)
	at common.TestFactory.endTestRun(TestFactory.java:75)
	at common.TestFactory.endTestRun(TestFactory.java:75)
	at common.TestFactory.endTestRun(TestFactory.java:75)
	at common.TestFactory.endTestRun(TestFactory.java:75)
	at common.TestFactory.endTestRun(TestFactory.java:75)
	at common.TestFactory.endTestRun(TestFactory.java:75)
	at common.TestFactory.endTestRun(TestFactory.java:75)
	at common.TestFactory.endTestRun(TestFactory.java:75)
	at common.TestFactory.endTestRun(TestFactory.java:75)
	at common.TestFactory.endTestRun(TestFactory.java:75)
	at common.TestFactory.endTestRun(TestFactory.java:75)
	at common.TestFactory.endTestRun(TestFactory.java:75)
	at common.TestFactory.endTestRun(TestFactory.java:75)
	at common.TestFactory.endTestRun(TestFactory.java:75)
	at common.TestFactory.endTestRun(TestFactory.java:75)
	at common.TestFactory.endTestRun(TestFactory.java:75)
	at common.TestFactory.endTestRun(TestFactory.java:75)
	at common.TestFactory.endTestRun(TestFactory.java:75)
	at common.TestFactory.endTestRun(TestFactory.java:75)
	at common.TestFactory.endTestRun(TestFactory.java:75)
	at common.TestFactory.endTestRun(TestFactory.java:75)
	at common.TestFactory.endTestRun(TestFactory.java:75)
	at common.TestFactory.endTestRun(TestFactory.java:75)
	at common.TestFactory.endTestRun(TestFactory.java:75)
	at common.TestFactory.endTestRun(TestFactory.java:75)
	at common.TestFactory.endTestRun(TestFactory.java:75)
	at common.TestFactory.endTestRun(TestFactory.java:75)
	at common.TestFactory.endTestRun(TestFactory.java:75)
	at common.TestFactory.endTestRun(TestFactory.java:75)
	at common.TestFactory.endTestRun(TestFactory.java:75)
	at common.TestFactory.endTestRun(TestFactory.java:75)
	at common.TestFactory.endTestRun(TestFactory.java:75)
	at common.TestFactory.endTestRun(TestFactory.java:75)
	at common.TestFactory.endTestRun(TestFactory.java:75)
	at common.TestFactory.endTestRun(TestFactory.java:75)
	at common.TestFactory.endTestRun(TestFactory.java:75)
	at common.TestFactory.endTestRun(TestFactory.java:75)
	at common.TestFactory.endTestRun(TestFactory.java:75)
	at common.TestFactory.endTestRun(TestFactory.java:75)
	at common.TestFactory.endTestRun(TestFactory.java:75)
	at common.TestFactory.endTestRun(TestFactory.java:75)
	at common.TestFactory.endTestRun(TestFactory.java:75)
	at common.TestFactory.endTestRun(TestFactory.java:75)
	at common.TestFactory.endTestRun(TestFactory.java:75)
	at common.TestFactory.endTestRun(TestFactory.java:75)
	at common.TestFactory.endTestRun(TestFactory.java:75)
	at common.TestFactory.endTestRun(TestFactory.java:75)
	at common.TestFactory.endTestRun(TestFactory.java:75)
	at common.TestFactory.endTestRun(TestFactory.java:75)
	at common.TestFactory.endTestRun(TestFactory.java:75)
	at common.TestFactory.endTestRun(TestFactory.java:75)
	at common.TestFactory.endTestRun(TestFactory.java:75)
	at common.TestFactory.endTestRun(TestFactory.java:75)
	at common.TestFactory.endTestRun(TestFactory.java:75)
	at common.TestFactory.endTestRun(TestFactory.java:75)
	at common.TestFactory.endTestRun(TestFactory.java:75)
	at common.TestFactory.endTestRun(TestFactory.java:75)
	at common.TestFactory.endTestRun(TestFactory.java:75)
	at common.TestFactory.endTestRun(TestFactory.java:75)
	at common.TestFactory.endTestRun(TestFactory.java:75)
	at common.TestFactory.endTestRun(TestFactory.java:75)
	at common.TestFactory.endTestRun(TestFactory.java:75)
	at common.TestFactory.endTestRun(TestFactory.java:75)
	at common.TestFactory.endTestRun(TestFactory.java:75)
	at common.TestFactory.endTestRun(TestFactory.java:75)
	at common.TestFactory.endTestRun(TestFactory.java:75)
	at common.TestFactory.endTestRun(TestFactory.java:75)
	at common.TestFactory.endTestRun(TestFactory.java:75)
	at common.TestFactory.endTestRun(TestFactory.java:75)
	at common.TestFactory.endTestRun(TestFactory.java:75)
	at common.TestFactory.endTestRun(TestFactory.java:75)
	at common.TestFactory.endTestRun(TestFactory.java:75)
	at common.TestFactory.endTestRun(TestFactory.java:75)
	at common.TestFactory.endTestRun(TestFactory.java:75)
	at common.TestFactory.endTestRun(TestFactory.java:75)
	at common.TestFactory.endTestRun(TestFactory.java:75)
	at common.TestFactory.endTestRun(TestFactory.java:75)
	at common.TestFactory.endTestRun(TestFactory.java:75)
	at common.TestFactory.endTestRun(TestFactory.java:75)
	at common.TestFactory.endTestRun(TestFactory.java:75)
	at common.TestFactory.endTestRun(TestFactory.java:75)
	at common.TestFactory.endTestRun(TestFactory.java:75)
	at common.TestFactory.endTestRun(TestFactory.java:75)
	at common.TestFactory.endTestRun(TestFactory.java:75)
	at common.TestFactory.endTestRun(TestFactory.java:75)
	at common.TestFactory.endTestRun(TestFactory.java:75)
	at common.TestFactory.endTestRun(TestFactory.java:75)
	at common.TestFactory.endTestRun(TestFactory.java:75)
	at common.TestFactory.endTestRun(TestFactory.java:75)
	at common.TestFactory.endTestRun(TestFactory.java:75)
	at common.TestFactory.endTestRun(TestFactory.java:75)
	at common.TestFactory.endTestRun(TestFactory.java:75)
	at common.TestFactory.endTestRun(TestFactory.java:75)
	at common.TestFactory.endTestRun(TestFactory.java:75)
	at common.TestFactory.endTestRun(TestFactory.java:75)
	at common.TestFactory.endTestRun(TestFactory.java:75)
	at common.TestFactory.endTestRun(TestFactory.java:75)
	at common.TestFactory.endTestRun(TestFactory.java:75)
	at common.TestFactory.endTestRun(TestFactory.java:75)
	at common.TestFactory.endTestRun(TestFactory.java:75)
	at common.TestFactory.endTestRun(TestFactory.java:75)
	at common.TestFactory.endTestRun(TestFactory.java:75)
	at common.TestFactory.endTestRun(TestFactory.java:75)
	at common.TestFactory.endTestRun(TestFactory.java:75)
	at common.TestFactory.endTestRun(TestFactory.java:75)
	at common.TestFactory.endTestRun(TestFactory.java:75)
	at common.TestFactory.endTestRun(TestFactory.java:75)
	at common.TestFactory.endTestRun(TestFactory.java:75)
	at common.TestFactory.endTestRun(TestFactory.java:75)
	at common.TestFactory.endTestRun(TestFactory.java:75)
	at common.TestFactory.endTestRun(TestFactory.java:75)
	at common.TestFactory.endTestRun(TestFactory.java:75)
	at common.TestFactory.endTestRun(TestFactory.java:75)
	at common.TestFactory.endTestRun(TestFactory.java:75)
	at common.TestFactory.endTestRun(TestFactory.java:75)
	at common.TestFactory.endTestRun(TestFactory.java:75)
	at common.TestFactory.endTestRun(TestFactory.java:75)
	at common.TestFactory.endTestRun(TestFactory.java:75)
	at common.TestFactory.endTestRun(TestFactory.java:75)
	at common.TestFactory.endTestRun(TestFactory.java:75)
	at common.TestFactory.endTestRun(TestFactory.java:75)
	at common.TestFactory.endTestRun(TestFactory.java:75)
	at common.TestFactory.endTestRun(TestFactory.java:75)
	at common.TestFactory.endTestRun(TestFactory.java:75)
	at common.TestFactory.endTestRun(TestFactory.java:75)
	at common.TestFactory.endTestRun(TestFactory.java:75)
	at common.TestFactory.endTestRun(TestFactory.java:75)
	at common.TestFactory.endTestRun(TestFactory.java:75)
	at common.TestFactory.endTestRun(TestFactory.java:75)
	at common.TestFactory.endTestRun(TestFactory.java:75)
	at common.TestFactory.endTestRun(TestFactory.java:75)
	at common.TestFactory.endTestRun(TestFactory.java:75)
	at common.TestFactory.endTestRun(TestFactory.java:75)
	at common.TestFactory.endTestRun(TestFactory.java:75)
	at common.TestFactory.endTestRun(TestFactory.java:75)
	at common.TestFactory.endTestRun(TestFactory.java:75)
	at common.TestFactory.endTestRun(TestFactory.java:75)
	at common.TestFactory.endTestRun(TestFactory.java:75)
	at common.TestFactory.endTestRun(TestFactory.java:75)
	at common.TestFactory.endTestRun(TestFactory.java:75)
	at common.TestFactory.endTestRun(TestFactory.java:75)
	at common.TestFactory.endTestRun(TestFactory.java:75)
	at common.TestFactory.endTestRun(TestFactory.java:75)
	at common.TestFactory.endTestRun(TestFactory.java:75)
	at common.TestFactory.endTestRun(TestFactory.java:75)
	at common.TestFactory.endTestRun(TestFactory.java:75)
	at common.TestFactory.endTestRun(TestFactory.java:75)
	at common.TestFactory.endTestRun(TestFactory.java:75)
	at common.TestFactory.endTestRun(TestFactory.java:75)
	at common.TestFactory.endTestRun(TestFactory.java:75)
	at common.TestFactory.endTestRun(TestFactory.java:75)
	at common.TestFactory.endTestRun(TestFactory.java:75)
	at common.TestFactory.endTestRun(TestFactory.java:75)
	at common.TestFactory.endTestRun(TestFactory.java:75)
	at common.TestFactory.endTestRun(TestFactory.java:75)
	at common.TestFactory.endTestRun(TestFactory.java:75)
	at common.TestFactory.endTestRun(TestFactory.java:75)
	at common.TestFactory.endTestRun(TestFactory.java:75)
	at common.TestFactory.endTestRun(TestFactory.java:75)
	at common.TestFactory.endTestRun(TestFactory.java:75)
	at common.TestFactory.endTestRun(TestFactory.java:75)
	at common.TestFactory.endTestRun(TestFactory.java:75)
	at common.TestFactory.endTestRun(TestFactory.java:75)
	at common.TestFactory.endTestRun(TestFactory.java:75)
	at common.TestFactory.endTestRun(TestFactory.java:75)
	at common.TestFactory.endTestRun(TestFactory.java:75)
	at common.TestFactory.endTestRun(TestFactory.java:75)
	at common.TestFactory.endTestRun(TestFactory.java:75)
	at common.TestFactory.endTestRun(TestFactory.java:75)
	at common.TestFactory.endTestRun(TestFactory.java:75)
	at common.TestFactory.endTestRun(TestFactory.java:75)
	at common.TestFactory.endTestRun(TestFactory.java:75)
	at common.TestFactory.endTestRun(TestFactory.java:75)
	at common.TestFactory.endTestRun(TestFactory.java:75)
	at common.TestFactory.endTestRun(TestFactory.java:75)
	at common.TestFactory.endTestRun(TestFactory.java:75)
	at common.TestFactory.endTestRun(TestFactory.java:75)
	at common.TestFactory.endTestRun(TestFactory.java:75)
	at common.TestFactory.endTestRun(TestFactory.java:75)
	at common.TestFactory.endTestRun(TestFactory.java:75)
	at common.TestFactory.endTestRun(TestFactory.java:75)
	at common.TestFactory.endTestRun(TestFactory.java:75)
	at common.TestFactory.endTestRun(TestFactory.java:75)
	at common.TestFactory.endTestRun(TestFactory.java:75)
	at common.TestFactory.endTestRun(TestFactory.java:75)
	at common.TestFactory.endTestRun(TestFactory.java:75)
	at common.TestFactory.endTestRun(TestFactory.java:75)
	at common.TestFactory.endTestRun(TestFactory.java:75)
	at common.TestFactory.endTestRun(TestFactory.java:75)
	at common.TestFactory.endTestRun(TestFactory.java:75)
	at common.TestFactory.endTestRun(TestFactory.java:75)
	at common.TestFactory.endTestRun(TestFactory.java:75)
	at common.TestFactory.endTestRun(TestFactory.java:75)
	at common.TestFactory.endTestRun(TestFactory.java:75)
	at common.TestFactory.endTestRun(TestFactory.java:75)
	at common.TestFactory.endTestRun(TestFactory.java:75)
	at common.TestFactory.endTestRun(TestFactory.java:75)
	at common.TestFactory.endTestRun(TestFactory.java:75)
	at common.TestFactory.endTestRun(TestFactory.java:75)
	at common.TestFactory.endTestRun(TestFactory.java:75)
	at common.TestFactory.endTestRun(TestFactory.java:75)
	at common.TestFactory.endTestRun(TestFactory.java:75)
	at common.TestFactory.endTestRun(TestFactory.java:75)
	at common.TestFactory.endTestRun(TestFactory.java:75)
	at common.TestFactory.endTestRun(TestFactory.java:75)
	at common.TestFactory.endTestRun(TestFactory.java:75)
	at common.TestFactory.endTestRun(TestFactory.java:75)
	at common.TestFactory.endTestRun(TestFactory.java:75)
	at common.TestFactory.endTestRun(TestFactory.java:75)
	at common.TestFactory.endTestRun(TestFactory.java:75)
	at common.TestFactory.endTestRun(TestFactory.java:75)
	at common.TestFactory.endTestRun(TestFactory.java:75)
	at common.TestFactory.endTestRun(TestFactory.java:75)
	at common.TestFactory.endTestRun(TestFactory.java:75)
	at common.TestFactory.endTestRun(TestFactory.java:75)
	at common.TestFactory.endTestRun(TestFactory.java:75)
	at common.TestFactory.endTestRun(TestFactory.java:75)
	at common.TestFactory.endTestRun(TestFactory.java:75)
	at common.TestFactory.endTestRun(TestFactory.java:75)
	at common.TestFactory.endTestRun(TestFactory.java:75)
	at common.TestFactory.endTestRun(TestFactory.java:75)
	at common.TestFactory.endTestRun(TestFactory.java:75)
	at common.TestFactory.endTestRun(TestFactory.java:75)
	at common.TestFactory.endTestRun(TestFactory.java:75)
	at common.TestFactory.endTestRun(TestFactory.java:75)
	at common.TestFactory.endTestRun(TestFactory.java:75)
	at common.TestFactory.endTestRun(TestFactory.java:75)
	at common.TestFactory.endTestRun(TestFactory.java:75)
	at common.TestFactory.endTestRun(TestFactory.java:75)
	at common.TestFactory.endTestRun(TestFactory.java:75)
	at common.TestFactory.endTestRun(TestFactory.java:75)
	at common.TestFactory.endTestRun(TestFactory.java:75)
	at common.TestFactory.endTestRun(TestFactory.java:75)
	at common.TestFactory.endTestRun(TestFactory.java:75)
	at common.TestFactory.endTestRun(TestFactory.java:75)
	at common.TestFactory.endTestRun(TestFactory.java:75)
	at common.TestFactory.endTestRun(TestFactory.java:75)
	at common.TestFactory.endTestRun(TestFactory.java:75)
	at common.TestFactory.endTestRun(TestFactory.java:75)
	at common.TestFactory.endTestRun(TestFactory.java:75)
	at common.TestFactory.endTestRun(TestFactory.java:75)
	at common.TestFactory.endTestRun(TestFactory.java:75)
	at common.TestFactory.endTestRun(TestFactory.java:75)
	at common.TestFactory.endTestRun(TestFactory.java:75)
	at common.TestFactory.endTestRun(TestFactory.java:75)
	at common.TestFactory.endTestRun(TestFactory.java:75)
	at common.TestFactory.endTestRun(TestFactory.java:75)
	at common.TestFactory.endTestRun(TestFactory.java:75)
	at common.TestFactory.endTestRun(TestFactory.java:75)
	at common.TestFactory.endTestRun(TestFactory.java:75)
	at common.TestFactory.endTestRun(TestFactory.java:75)
	at common.TestFactory.endTestRun(TestFactory.java:75)
	at common.TestFactory.endTestRun(TestFactory.java:75)
	at common.TestFactory.endTestRun(TestFactory.java:75)
	at common.TestFactory.endTestRun(TestFactory.java:75)
	at common.TestFactory.endTestRun(TestFactory.java:75)
	at common.TestFactory.endTestRun(TestFactory.java:75)
	at common.TestFactory.endTestRun(TestFactory.java:75)
	at common.TestFactory.endTestRun(TestFactory.java:75)
	at common.TestFactory.endTestRun(TestFactory.java:75)
	at common.TestFactory.endTestRun(TestFactory.java:75)
	at common.TestFactory.endTestRun(TestFactory.java:75)
	at common.TestFactory.endTestRun(TestFactory.java:75)
	at common.TestFactory.endTestRun(TestFactory.java:75)
	at common.TestFactory.endTestRun(TestFactory.java:75)
	at common.TestFactory.endTestRun(TestFactory.java:75)
	at common.TestFactory.endTestRun(TestFactory.java:75)
	at common.TestFactory.endTestRun(TestFactory.java:75)
	at common.TestFactory.endTestRun(TestFactory.java:75)
	at common.TestFactory.endTestRun(TestFactory.java:75)
	at common.TestFactory.endTestRun(TestFactory.java:75)
	at common.TestFactory.endTestRun(TestFactory.java:75)
	at common.TestFactory.endTestRun(TestFactory.java:75)
	at common.TestFactory.endTestRun(TestFactory.java:75)
	at common.TestFactory.endTestRun(TestFactory.java:75)
	at common.TestFactory.endTestRun(TestFactory.java:75)
	at common.TestFactory.endTestRun(TestFactory.java:75)
	at common.TestFactory.endTestRun(TestFactory.java:75)
	at common.TestFactory.endTestRun(TestFactory.java:75)
	at common.TestFactory.endTestRun(TestFactory.java:75)
	at common.TestFactory.endTestRun(TestFactory.java:75)
	at common.TestFactory.endTestRun(TestFactory.java:75)
	at common.TestFactory.endTestRun(TestFactory.java:75)
	at common.TestFactory.endTestRun(TestFactory.java:75)
	at common.TestFactory.endTestRun(TestFactory.java:75)
	at common.TestFactory.endTestRun(TestFactory.java:75)
	at common.TestFactory.endTestRun(TestFactory.java:75)
	at common.TestFactory.endTestRun(TestFactory.java:75)
	at common.TestFactory.endTestRun(TestFactory.java:75)
	at common.TestFactory.endTestRun(TestFactory.java:75)
	at common.TestFactory.endTestRun(TestFactory.java:75)
	at common.TestFactory.endTestRun(TestFactory.java:75)
	at common.TestFactory.endTestRun(TestFactory.java:75)
	at common.TestFactory.endTestRun(TestFactory.java:75)
	at common.TestFactory.endTestRun(TestFactory.java:75)
	at common.TestFactory.endTestRun(TestFactory.java:75)
	at common.TestFactory.endTestRun(TestFactory.java:75)
	at common.TestFactory.endTestRun(TestFactory.java:75)
	at common.TestFactory.endTestRun(TestFactory.java:75)
	at common.TestFactory.endTestRun(TestFactory.java:75)
	at common.TestFactory.endTestRun(TestFactory.java:75)
	at common.TestFactory.endTestRun(TestFactory.java:75)
	at common.TestFactory.endTestRun(TestFactory.java:75)
	at common.TestFactory.endTestRun(TestFactory.java:75)
	at common.TestFactory.endTestRun(TestFactory.java:75)
	at common.TestFactory.endTestRun(TestFactory.java:75)
	at common.TestFactory.endTestRun(TestFactory.java:75)
	at common.TestFactory.endTestRun(TestFactory.java:75)
	at common.TestFactory.endTestRun(TestFactory.java:75)
	at common.TestFactory.endTestRun(TestFactory.java:75)
	at common.TestFactory.endTestRun(TestFactory.java:75)
	at common.TestFactory.endTestRun(TestFactory.java:75)
	at common.TestFactory.endTestRun(TestFactory.java:75)
	at common.TestFactory.endTestRun(TestFactory.java:75)
	at common.TestFactory.endTestRun(TestFactory.java:75)
	at common.TestFactory.endTestRun(TestFactory.java:75)
	at common.TestFactory.endTestRun(TestFactory.java:75)
	at common.TestFactory.endTestRun(TestFactory.java:75)
	at common.TestFactory.endTestRun(TestFactory.java:75)
	at common.TestFactory.endTestRun(TestFactory.java:75)
	at common.TestFactory.endTestRun(TestFactory.java:75)
	at common.TestFactory.endTestRun(TestFactory.java:75)
	at common.TestFactory.endTestRun(TestFactory.java:75)
	at common.TestFactory.endTestRun(TestFactory.java:75)
	at common.TestFactory.endTestRun(TestFactory.java:75)
	at common.TestFactory.endTestRun(TestFactory.java:75)
	at common.TestFactory.endTestRun(TestFactory.java:75)
	at common.TestFactory.endTestRun(TestFactory.java:75)
	at common.TestFactory.endTestRun(TestFactory.java:75)
	at common.TestFactory.endTestRun(TestFactory.java:75)
	at common.TestFactory.endTestRun(TestFactory.java:75)
	at common.TestFactory.endTestRun(TestFactory.java:75)
	at common.TestFactory.endTestRun(TestFactory.java:75)
	at common.TestFactory.endTestRun(TestFactory.java:75)
	at common.TestFactory.endTestRun(TestFactory.java:75)
	at common.TestFactory.endTestRun(TestFactory.java:75)
	at common.TestFactory.endTestRun(TestFactory.java:75)
	at common.TestFactory.endTestRun(TestFactory.java:75)
	at common.TestFactory.endTestRun(TestFactory.java:75)
	at common.TestFactory.endTestRun(TestFactory.java:75)
	at common.TestFactory.endTestRun(TestFactory.java:75)
	at common.TestFactory.endTestRun(TestFactory.java:75)
	at common.TestFactory.endTestRun(TestFactory.java:75)
	at common.TestFactory.endTestRun(TestFactory.java:75)
	at common.TestFactory.endTestRun(TestFactory.java:75)
	at common.TestFactory.endTestRun(TestFactory.java:75)
	at common.TestFactory.endTestRun(TestFactory.java:75)
	at common.TestFactory.endTestRun(TestFactory.java:75)
	at common.TestFactory.endTestRun(TestFactory.java:75)
	at common.TestFactory.endTestRun(TestFactory.java:75)
	at common.TestFactory.endTestRun(TestFactory.java:75)
	at common.TestFactory.endTestRun(TestFactory.java:75)
	at common.TestFactory.endTestRun(TestFactory.java:75)
	at common.TestFactory.endTestRun(TestFactory.java:75)
	at common.TestFactory.endTestRun(TestFactory.java:75)
	at common.TestFactory.endTestRun(TestFactory.java:75)
	at common.TestFactory.endTestRun(TestFactory.java:75)
	at common.TestFactory.endTestRun(TestFactory.java:75)
	at common.TestFactory.endTestRun(TestFactory.java:75)
	at common.TestFactory.endTestRun(TestFactory.java:75)
	at common.TestFactory.endTestRun(TestFactory.java:75)
	at common.TestFactory.endTestRun(TestFactory.java:75)
	at common.TestFactory.endTestRun(TestFactory.java:75)
	at common.TestFactory.endTestRun(TestFactory.java:75)
	at common.TestFactory.endTestRun(TestFactory.java:75)
	at common.TestFactory.endTestRun(TestFactory.java:75)
	at common.TestFactory.endTestRun(TestFactory.java:75)
	at common.TestFactory.endTestRun(TestFactory.java:75)
	at common.TestFactory.endTestRun(TestFactory.java:75)
	at common.TestFactory.endTestRun(TestFactory.java:75)
	at common.TestFactory.endTestRun(TestFactory.java:75)
	at common.TestFactory.endTestRun(TestFactory.java:75)
	at common.TestFactory.endTestRun(TestFactory.java:75)
	at common.TestFactory.endTestRun(TestFactory.java:75)
	at common.TestFactory.endTestRun(TestFactory.java:75)
	at common.TestFactory.endTestRun(TestFactory.java:75)
	at common.TestFactory.endTestRun(TestFactory.java:75)
	at common.TestFactory.endTestRun(TestFactory.java:75)
	at common.TestFactory.endTestRun(TestFactory.java:75)
	at common.TestFactory.endTestRun(TestFactory.java:75)
	at common.TestFactory.endTestRun(TestFactory.java:75)
	at common.TestFactory.endTestRun(TestFactory.java:75)
	at common.TestFactory.endTestRun(TestFactory.java:75)
	at common.TestFactory.endTestRun(TestFactory.java:75)
	at common.TestFactory.endTestRun(TestFactory.java:75)
	at common.TestFactory.endTestRun(TestFactory.java:75)
	at common.TestFactory.endTestRun(TestFactory.java:75)
	at common.TestFactory.endTestRun(TestFactory.java:75)
	at common.TestFactory.endTestRun(TestFactory.java:75)
	at common.TestFactory.endTestRun(TestFactory.java:75)
	at common.TestFactory.endTestRun(TestFactory.java:75)
	at common.TestFactory.endTestRun(TestFactory.java:75)
	at common.TestFactory.endTestRun(TestFactory.java:75)
	at common.TestFactory.endTestRun(TestFactory.java:75)
	at common.TestFactory.endTestRun(TestFactory.java:75)
	at common.TestFactory.endTestRun(TestFactory.java:75)
	at common.TestFactory.endTestRun(TestFactory.java:75)
	at common.TestFactory.endTestRun(TestFactory.java:75)
	at common.TestFactory.endTestRun(TestFactory.java:75)
	at common.TestFactory.endTestRun(TestFactory.java:75)
	at common.TestFactory.endTestRun(TestFactory.java:75)
	at common.TestFactory.endTestRun(TestFactory.java:75)
	at common.TestFactory.endTestRun(TestFactory.java:75)
	at common.TestFactory.endTestRun(TestFactory.java:75)
	at common.TestFactory.endTestRun(TestFactory.java:75)
	at common.TestFactory.endTestRun(TestFactory.java:75)
	at common.TestFactory.endTestRun(TestFactory.java:75)
	at common.TestFactory.endTestRun(TestFactory.java:75)
	at common.TestFactory.endTestRun(TestFactory.java:75)
	at common.TestFactory.endTestRun(TestFactory.java:75)
	at common.TestFactory.endTestRun(TestFactory.java:75)
	at common.TestFactory.endTestRun(TestFactory.java:75)
	at common.TestFactory.endTestRun(TestFactory.java:75)
	at common.TestFactory.endTestRun(TestFactory.java:75)
	at common.TestFactory.endTestRun(TestFactory.java:75)
	at common.TestFactory.endTestRun(TestFactory.java:75)
	at common.TestFactory.endTestRun(TestFactory.java:75)
	at common.TestFactory.endTestRun(TestFactory.java:75)
	at common.TestFactory.endTestRun(TestFactory.java:75)
	at common.TestFactory.endTestRun(TestFactory.java:75)
	at common.TestFactory.endTestRun(TestFactory.java:75)
	at common.TestFactory.endTestRun(TestFactory.java:75)
	at common.TestFactory.endTestRun(TestFactory.java:75)
	at common.TestFactory.endTestRun(TestFactory.java:75)
	at common.TestFactory.endTestRun(TestFactory.java:75)
	at common.TestFactory.endTestRun(TestFactory.java:75)
	at common.TestFactory.endTestRun(TestFactory.java:75)
	at common.TestFactory.endTestRun(TestFactory.java:75)
	at common.TestFactory.endTestRun(TestFactory.java:75)
	at common.TestFactory.endTestRun(TestFactory.java:75)
	at common.TestFactory.endTestRun(TestFactory.java:75)
	at common.TestFactory.endTestRun(TestFactory.java:75)
	at common.TestFactory.endTestRun(TestFactory.java:75)
	at common.TestFactory.endTestRun(TestFactory.java:75)
	at common.TestFactory.endTestRun(TestFactory.java:75)
	at common.TestFactory.endTestRun(TestFactory.java:75)
	at common.TestFactory.endTestRun(TestFactory.java:75)
	at common.TestFactory.endTestRun(TestFactory.java:75)
	at common.TestFactory.endTestRun(TestFactory.java:75)
	at common.TestFactory.endTestRun(TestFactory.java:75)
	at common.TestFactory.endTestRun(TestFactory.java:75)
	at common.TestFactory.endTestRun(TestFactory.java:75)
	at common.TestFactory.endTestRun(TestFactory.java:75)
	at common.TestFactory.endTestRun(TestFactory.java:75)
	at common.TestFactory.endTestRun(TestFactory.java:75)
	at common.TestFactory.endTestRun(TestFactory.java:75)
	at common.TestFactory.endTestRun(TestFactory.java:75)
	at common.TestFactory.endTestRun(TestFactory.java:75)
	at common.TestFactory.endTestRun(TestFactory.java:75)
	at common.TestFactory.endTestRun(TestFactory.java:75)
	at common.TestFactory.endTestRun(TestFactory.java:75)
	at common.TestFactory.endTestRun(TestFactory.java:75)
	at common.TestFactory.endTestRun(TestFactory.java:75)
	at common.TestFactory.endTestRun(TestFactory.java:75)
	at common.TestFactory.endTestRun(TestFactory.java:75)
	at common.TestFactory.endTestRun(TestFactory.java:75)
	at common.TestFactory.endTestRun(TestFactory.java:75)
	at common.TestFactory.endTestRun(TestFactory.java:75)
	at common.TestFactory.endTestRun(TestFactory.java:75)
	at common.TestFactory.endTestRun(TestFactory.java:75)
	at common.TestFactory.endTestRun(TestFactory.java:75)
	at common.TestFactory.endTestRun(TestFactory.java:75)
	at common.TestFactory.endTestRun(TestFactory.java:75)
	at common.TestFactory.endTestRun(TestFactory.java:75)
	at common.TestFactory.endTestRun(TestFactory.java:75)
	at common.TestFactory.endTestRun(TestFactory.java:75)
	at common.TestFactory.endTestRun(TestFactory.java:75)
	at common.TestFactory.endTestRun(TestFactory.java:75)
	at common.TestFactory.endTestRun(TestFactory.java:75)
	at common.TestFactory.endTestRun(TestFactory.java:75)
	at common.TestFactory.endTestRun(TestFactory.java:75)
	at common.TestFactory.endTestRun(TestFactory.java:75)
	at common.TestFactory.endTestRun(TestFactory.java:75)
	at common.TestFactory.endTestRun(TestFactory.java:75)
	at common.TestFactory.endTestRun(TestFactory.java:75)
	at common.TestFactory.endTestRun(TestFactory.java:75)
	at common.TestFactory.endTestRun(TestFactory.java:75)
	at common.TestFactory.endTestRun(TestFactory.java:75)
	at common.TestFactory.endTestRun(TestFactory.java:75)
	at common.TestFactory.endTestRun(TestFactory.java:75)
	at common.TestFactory.endTestRun(TestFactory.java:75)
	at common.TestFactory.endTestRun(TestFactory.java:75)
	at common.TestFactory.endTestRun(TestFactory.java:75)
	at common.TestFactory.endTestRun(TestFactory.java:75)
	at common.TestFactory.endTestRun(TestFactory.java:75)
	at common.TestFactory.endTestRun(TestFactory.java:75)
	at common.TestFactory.endTestRun(TestFactory.java:75)
	at common.TestFactory.endTestRun(TestFactory.java:75)
	at common.TestFactory.endTestRun(TestFactory.java:75)
	at common.TestFactory.endTestRun(TestFactory.java:75)
	at common.TestFactory.endTestRun(TestFactory.java:75)
	at common.TestFactory.endTestRun(TestFactory.java:75)
	at common.TestFactory.endTestRun(TestFactory.java:75)
	at common.TestFactory.endTestRun(TestFactory.java:75)
	at common.TestFactory.endTestRun(TestFactory.java:75)
	at common.TestFactory.endTestRun(TestFactory.java:75)
	at common.TestFactory.endTestRun(TestFactory.java:75)
	at common.TestFactory.endTestRun(TestFactory.java:75)
	at common.TestFactory.endTestRun(TestFactory.java:75)
	at common.TestFactory.endTestRun(TestFactory.java:75)
	at common.TestFactory.endTestRun(TestFactory.java:75)
	at common.TestFactory.endTestRun(TestFactory.java:75)
	at common.TestFactory.endTestRun(TestFactory.java:75)
	at common.TestFactory.endTestRun(TestFactory.java:75)
	at common.TestFactory.endTestRun(TestFactory.java:75)
	at common.TestFactory.endTestRun(TestFactory.java:75)
	at common.TestFactory.endTestRun(TestFactory.java:75)
	at common.TestFactory.endTestRun(TestFactory.java:75)
	at common.TestFactory.endTestRun(TestFactory.java:75)
	at common.TestFactory.endTestRun(TestFactory.java:75)
	at common.TestFactory.endTestRun(TestFactory.java:75)
	at common.TestFactory.endTestRun(TestFactory.java:75)
	at common.TestFactory.endTestRun(TestFactory.java:75)
	at common.TestFactory.endTestRun(TestFactory.java:75)
	at common.TestFactory.endTestRun(TestFactory.java:75)
	at common.TestFactory.endTestRun(TestFactory.java:75)
	at common.TestFactory.endTestRun(TestFactory.java:75)
	at common.TestFactory.endTestRun(TestFactory.java:75)
	at common.TestFactory.endTestRun(TestFactory.java:75)
	at common.TestFactory.endTestRun(TestFactory.java:75)
	at common.TestFactory.endTestRun(TestFactory.java:75)
	at common.TestFactory.endTestRun(TestFactory.java:75)
	at common.TestFactory.endTestRun(TestFactory.java:75)
	at common.TestFactory.endTestRun(TestFactory.java:75)
	at common.TestFactory.endTestRun(TestFactory.java:75)
	at common.TestFactory.endTestRun(TestFactory.java:75)
	at common.TestFactory.endTestRun(TestFactory.java:75)
	at common.TestFactory.endTestRun(TestFactory.java:75)
	at common.TestFactory.endTestRun(TestFactory.java:75)
	at common.TestFactory.endTestRun(TestFactory.java:75)
	at common.TestFactory.endTestRun(TestFactory.java:75)
	at common.TestFactory.endTestRun(TestFactory.java:75)
	at common.TestFactory.endTestRun(TestFactory.java:75)
	at common.TestFactory.endTestRun(TestFactory.java:75)
	at common.TestFactory.endTestRun(TestFactory.java:75)
	at common.TestFactory.endTestRun(TestFactory.java:75)
	at common.TestFactory.endTestRun(TestFactory.java:75)
	at common.TestFactory.endTestRun(TestFactory.java:75)
	at common.TestFactory.endTestRun(TestFactory.java:75)
	at common.TestFactory.endTestRun(TestFactory.java:75)
	at common.TestFactory.endTestRun(TestFactory.java:75)
	at common.TestFactory.endTestRun(TestFactory.java:75)
	at common.TestFactory.endTestRun(TestFactory.java:75)
	at common.TestFactory.endTestRun(TestFactory.java:75)
	at common.TestFactory.endTestRun(TestFactory.java:75)
	at common.TestFactory.endTestRun(TestFactory.java:75)
	at common.TestFactory.endTestRun(TestFactory.java:75)
	at common.TestFactory.endTestRun(TestFactory.java:75)
	at common.TestFactory.endTestRun(TestFactory.java:75)
	at common.TestFactory.endTestRun(TestFactory.java:75)
	at common.TestFactory.endTestRun(TestFactory.java:75)
	at common.TestFactory.endTestRun(TestFactory.java:75)
	at common.TestFactory.endTestRun(TestFactory.java:75)
	at common.TestFactory.endTestRun(TestFactory.java:75)
	at common.TestFactory.endTestRun(TestFactory.java:75)
	at common.TestFactory.endTestRun(TestFactory.java:75)
	at common.TestFactory.endTestRun(TestFactory.java:75)
	at common.TestFactory.endTestRun(TestFactory.java:75)
	at common.TestFactory.endTestRun(TestFactory.java:75)
	at common.TestFactory.endTestRun(TestFactory.java:75)
	at common.TestFactory.endTestRun(TestFactory.java:75)
	at common.TestFactory.endTestRun(TestFactory.java:75)
	at common.TestFactory.endTestRun(TestFactory.java:75)
	at common.TestFactory.endTestRun(TestFactory.java:75)
	at common.TestFactory.endTestRun(TestFactory.java:75)
	at common.TestFactory.endTestRun(TestFactory.java:75)
	at common.TestFactory.endTestRun(TestFactory.java:75)
	at common.TestFactory.endTestRun(TestFactory.java:75)
	at common.TestFactory.endTestRun(TestFactory.java:75)
	at common.TestFactory.endTestRun(TestFactory.java:75)
	at common.TestFactory.endTestRun(TestFactory.java:75)
	at common.TestFactory.endTestRun(TestFactory.java:75)
	at common.TestFactory.endTestRun(TestFactory.java:75)
	at common.TestFactory.endTestRun(TestFactory.java:75)
	at common.TestFactory.endTestRun(TestFactory.java:75)
	at common.TestFactory.endTestRun(TestFactory.java:75)
	at common.TestFactory.endTestRun(TestFactory.java:75)
	at common.TestFactory.endTestRun(TestFactory.java:75)
	at common.TestFactory.endTestRun(TestFactory.java:75)
	at common.TestFactory.endTestRun(TestFactory.java:75)
	at common.TestFactory.endTestRun(TestFactory.java:75)
	at common.TestFactory.endTestRun(TestFactory.java:75)
	at common.TestFactory.endTestRun(TestFactory.java:75)
	at common.TestFactory.endTestRun(TestFactory.java:75)
	at common.TestFactory.endTestRun(TestFactory.java:75)
	at common.TestFactory.endTestRun(TestFactory.java:75)
	at common.TestFactory.endTestRun(TestFactory.java:75)
	at common.TestFactory.endTestRun(TestFactory.java:75)
	at common.TestFactory.endTestRun(TestFactory.java:75)
	at common.TestFactory.endTestRun(TestFactory.java:75)
	at common.TestFactory.endTestRun(TestFactory.java:75)
	at common.TestFactory.endTestRun(TestFactory.java:75)
	at common.TestFactory.endTestRun(TestFactory.java:75)
	at common.TestFactory.endTestRun(TestFactory.java:75)
	at common.TestFactory.endTestRun(TestFactory.java:75)
	at common.TestFactory.endTestRun(TestFactory.java:75)
	at common.TestFactory.endTestRun(TestFactory.java:75)
	at common.TestFactory.endTestRun(TestFactory.java:75)
	at common.TestFactory.endTestRun(TestFactory.java:75)
	at common.TestFactory.endTestRun(TestFactory.java:75)
	at common.TestFactory.endTestRun(TestFactory.java:75)
	at common.TestFactory.endTestRun(TestFactory.java:75)
	at common.TestFactory.endTestRun(TestFactory.java:75)
	at common.TestFactory.endTestRun(TestFactory.java:75)
	at common.TestFactory.endTestRun(TestFactory.java:75)
	at common.TestFactory.endTestRun(TestFactory.java:75)
	at common.TestFactory.endTestRun(TestFactory.java:75)
	at common.TestFactory.endTestRun(TestFactory.java:75)
	at common.TestFactory.endTestRun(TestFactory.java:75)
	at common.TestFactory.endTestRun(TestFactory.java:75)
	at common.TestFactory.endTestRun(TestFactory.java:75)
	at common.TestFactory.endTestRun(TestFactory.java:75)
	at common.TestFactory.endTestRun(TestFactory.java:75)
	at common.TestFactory.endTestRun(TestFactory.java:75)
	at common.TestFactory.endTestRun(TestFactory.java:75)
	at common.TestFactory.endTestRun(TestFactory.java:75)
	at common.TestFactory.endTestRun(TestFactory.java:75)
	at common.TestFactory.endTestRun(TestFactory.java:75)
	at common.TestFactory.endTestRun(TestFactory.java:75)
	at common.TestFactory.endTestRun(TestFactory.java:75)
	at common.TestFactory.endTestRun(TestFactory.java:75)
	at common.TestFactory.endTestRun(TestFactory.java:75)
	at common.TestFactory.endTestRun(TestFactory.java:75)
	at common.TestFactory.endTestRun(TestFactory.java:75)
	at common.TestFactory.endTestRun(TestFactory.java:75)
	at common.TestFactory.endTestRun(TestFactory.java:75)
	at common.TestFactory.endTestRun(TestFactory.java:75)
	at common.TestFactory.endTestRun(TestFactory.java:75)
	at common.TestFactory.endTestRun(TestFactory.java:75)
	at common.TestFactory.endTestRun(TestFactory.java:75)
	at common.TestFactory.endTestRun(TestFactory.java:75)
	at common.TestFactory.endTestRun(TestFactory.java:75)
	at common.TestFactory.endTestRun(TestFactory.java:75)
	at common.TestFactory.endTestRun(TestFactory.java:75)
	at common.TestFactory.endTestRun(TestFactory.java:75)
	at common.TestFactory.endTestRun(TestFactory.java:75)
	at common.TestFactory.endTestRun(TestFactory.java:75)
	at common.TestFactory.endTestRun(TestFactory.java:75)
	at common.TestFactory.endTestRun(TestFactory.java:75)
	at common.TestFactory.endTestRun(TestFactory.java:75)
	at common.TestFactory.endTestRun(TestFactory.java:75)
	at common.TestFactory.endTestRun(TestFactory.java:75)
	at common.TestFactory.endTestRun(TestFactory.java:75)
	at common.TestFactory.endTestRun(TestFactory.java:75)
	at common.TestFactory.endTestRun(TestFactory.java:75)
	at common.TestFactory.endTestRun(TestFactory.java:75)
	at common.TestFactory.endTestRun(TestFactory.java:75)
	at common.TestFactory.endTestRun(TestFactory.java:75)
	at common.TestFactory.endTestRun(TestFactory.java:75)
	at common.TestFactory.endTestRun(TestFactory.java:75)
	at common.TestFactory.endTestRun(TestFactory.java:75)
	at common.TestFactory.endTestRun(TestFactory.java:75)
	at common.TestFactory.endTestRun(TestFactory.java:75)
	at common.TestFactory.endTestRun(TestFactory.java:75)
	at common.TestFactory.endTestRun(TestFactory.java:75)
	at common.TestFactory.endTestRun(TestFactory.java:75)
	at common.TestFactory.endTestRun(TestFactory.java:75)
	at common.TestFactory.endTestRun(TestFactory.java:75)
	at common.TestFactory.endTestRun(TestFactory.java:75)
	at common.TestFactory.endTestRun(TestFactory.java:75)
	at common.TestFactory.endTestRun(TestFactory.java:75)
	at common.TestFactory.endTestRun(TestFactory.java:75)
	at common.TestFactory.endTestRun(TestFactory.java:75)
	at common.TestFactory.endTestRun(TestFactory.java:75)
	at common.TestFactory.endTestRun(TestFactory.java:75)
	at common.TestFactory.endTestRun(TestFactory.java:75)
	at common.TestFactory.endTestRun(TestFactory.java:75)
	at common.TestFactory.endTestRun(TestFactory.java:75)
	at common.TestFactory.endTestRun(TestFactory.java:75)
	at common.TestFactory.endTestRun(TestFactory.java:75)
	at common.TestFactory.endTestRun(TestFactory.java:75)
	at common.TestFactory.endTestRun(TestFactory.java:75)
	at common.TestFactory.endTestRun(TestFactory.java:75)
	at common.TestFactory.endTestRun(TestFactory.java:75)
	at common.TestFactory.endTestRun(TestFactory.java:75)
	at common.TestFactory.endTestRun(TestFactory.java:75)
	at common.TestFactory.endTestRun(TestFactory.java:75)
	at common.TestFactory.endTestRun(TestFactory.java:75)
	at common.TestFactory.endTestRun(TestFactory.java:75)
	at common.TestFactory.endTestRun(TestFactory.java:75)
	at common.TestFactory.endTestRun(TestFactory.java:75)
	at common.TestFactory.endTestRun(TestFactory.java:75)
	at common.TestFactory.endTestRun(TestFactory.java:75)
	at common.TestFactory.endTestRun(TestFactory.java:75)
	at common.TestFactory.endTestRun(TestFactory.java:75)
	at common.TestFactory.endTestRun(TestFactory.java:75)
	at common.TestFactory.endTestRun(TestFactory.java:75)
	at common.TestFactory.endTestRun(TestFactory.java:75)
	at common.TestFactory.endTestRun(TestFactory.java:75)
	at common.TestFactory.endTestRun(TestFactory.java:75)
	at common.TestFactory.endTestRun(TestFactory.java:75)
	at common.TestFactory.endTestRun(TestFactory.java:75)
	at common.TestFactory.endTestRun(TestFactory.java:75)
	at common.TestFactory.endTestRun(TestFactory.java:75)
	at common.TestFactory.endTestRun(TestFactory.java:75)
	at common.TestFactory.endTestRun(TestFactory.java:75)
	at common.TestFactory.endTestRun(TestFactory.java:75)
	at common.TestFactory.endTestRun(TestFactory.java:75)
	at common.TestFactory.endTestRun(TestFactory.java:75)
	at common.TestFactory.endTestRun(TestFactory.java:75)
	at common.TestFactory.endTestRun(TestFactory.java:75)
	at common.TestFactory.endTestRun(TestFactory.java:75)
	at common.TestFactory.endTestRun(TestFactory.java:75)
	at common.TestFactory.endTestRun(TestFactory.java:75)
	at common.TestFactory.endTestRun(TestFactory.java:75)
	at common.TestFactory.endTestRun(TestFactory.java:75)
	at common.TestFactory.endTestRun(TestFactory.java:75)
	at common.TestFactory.endTestRun(TestFactory.java:75)
	at common.TestFactory.endTestRun(TestFactory.java:75)
	at common.TestFactory.endTestRun(TestFactory.java:75)
	at common.TestFactory.endTestRun(TestFactory.java:75)
	at common.TestFactory.endTestRun(TestFactory.java:75)
	at common.TestFactory.endTestRun(TestFactory.java:75)
	at common.TestFactory.endTestRun(TestFactory.java:75)
	at common.TestFactory.endTestRun(TestFactory.java:75)
	at common.TestFactory.endTestRun(TestFactory.java:75)
	at common.TestFactory.endTestRun(TestFactory.java:75)
	at common.TestFactory.endTestRun(TestFactory.java:75)
	at common.TestFactory.endTestRun(TestFactory.java:75)
	at common.TestFactory.endTestRun(TestFactory.java:75)
	at common.TestFactory.endTestRun(TestFactory.java:75)
	at common.TestFactory.endTestRun(TestFactory.java:75)
	at common.TestFactory.endTestRun(TestFactory.java:75)
	at common.TestFactory.endTestRun(TestFactory.java:75)
	at common.TestFactory.endTestRun(TestFactory.java:75)
	at common.TestFactory.endTestRun(TestFactory.java:75)
	at common.TestFactory.endTestRun(TestFactory.java:75)
	at common.TestFactory.endTestRun(TestFactory.java:75)
	at common.TestFactory.endTestRun(TestFactory.java:75)
	at common.TestFactory.endTestRun(TestFactory.java:75)
	at common.TestFactory.endTestRun(TestFactory.java:75)
	at common.TestFactory.endTestRun(TestFactory.java:75)
	at common.TestFactory.endTestRun(TestFactory.java:75)
	at common.TestFactory.endTestRun(TestFactory.java:75)
	at common.TestFactory.endTestRun(TestFactory.java:75)
	at common.TestFactory.endTestRun(TestFactory.java:75)
	at common.TestFactory.endTestRun(TestFactory.java:75)
	at common.TestFactory.endTestRun(TestFactory.java:75)
	at common.TestFactory.endTestRun(TestFactory.java:75)
	at common.TestFactory.endTestRun(TestFactory.java:75)
	at common.TestFactory.endTestRun(TestFactory.java:75)
	at common.TestFactory.endTestRun(TestFactory.java:75)
	at common.TestFactory.endTestRun(TestFactory.java:75)
	at common.TestFactory.endTestRun(TestFactory.java:75)
	at common.TestFactory.endTestRun(TestFactory.java:75)
	at common.TestFactory.endTestRun(TestFactory.java:75)
	at common.TestFactory.endTestRun(TestFactory.java:75)
	at common.TestFactory.endTestRun(TestFactory.java:75)
	at common.TestFactory.endTestRun(TestFactory.java:75)
	at common.TestFactory.endTestRun(TestFactory.java:75)
	at common.TestFactory.endTestRun(TestFactory.java:75)
	at common.TestFactory.endTestRun(TestFactory.java:75)
	at common.TestFactory.endTestRun(TestFactory.java:75)
	at common.TestFactory.endTestRun(TestFactory.java:75)
	at common.TestFactory.endTestRun(TestFactory.java:75)
	at common.TestFactory.endTestRun(TestFactory.java:75)
	at common.TestFactory.endTestRun(TestFactory.java:75)
	at common.TestFactory.endTestRun(TestFactory.java:75)
	at common.TestFactory.endTestRun(TestFactory.java:75)
	at common.TestFactory.endTestRun(TestFactory.java:75)
	at common.TestFactory.endTestRun(TestFactory.java:75)
	at common.TestFactory.endTestRun(TestFactory.java:75)
	at common.TestFactory.endTestRun(TestFactory.java:75)
	at common.TestFactory.endTestRun(TestFactory.java:75)
	at common.TestFactory.endTestRun(TestFactory.java:75)
	at common.TestFactory.endTestRun(TestFactory.java:75)
	at common.TestFactory.endTestRun(TestFactory.java:75)
	at common.TestFactory.endTestRun(TestFactory.java:75)
	at common.TestFactory.endTestRun(TestFactory.java:75)
	at common.TestFactory.endTestRun(TestFactory.java:75)
	at common.TestFactory.endTestRun(TestFactory.java:75)
	at common.TestFactory.endTestRun(TestFactory.java:75)
	at common.TestFactory.endTestRun(TestFactory.java:75)
	at common.TestFactory.endTestRun(TestFactory.java:75)
	at common.TestFactory.endTestRun(TestFactory.java:75)
	at common.TestFactory.endTestRun(TestFactory.java:75)
	at common.TestFactory.endTestRun(TestFactory.java:75)
	at common.TestFactory.endTestRun(TestFactory.java:75)
	at common.TestFactory.endTestRun(TestFactory.java:75)
	at common.TestFactory.endTestRun(TestFactory.java:75)
	at common.TestFactory.endTestRun(TestFactory.java:75)
	at common.TestFactory.endTestRun(TestFactory.java:75)
	at common.TestFactory.endTestRun(TestFactory.java:75)
	at common.TestFactory.endTestRun(TestFactory.java:75)
	at common.TestFactory.endTestRun(TestFactory.java:75)
	at common.TestFactory.endTestRun(TestFactory.java:75)
	at common.TestFactory.endTestRun(TestFactory.java:75)
	at common.TestFactory.endTestRun(TestFactory.java:75)
	at common.TestFactory.endTestRun(TestFactory.java:75)
	at common.TestFactory.endTestRun(TestFactory.java:75)
	at common.TestFactory.endTestRun(TestFactory.java:75)
	at common.TestFactory.endTestRun(TestFactory.java:75)
	at common.TestFactory.endTestRun(TestFactory.java:75)
	at common.TestFactory.endTestRun(TestFactory.java:75)
	at common.TestFactory.endTestRun(TestFactory.java:75)
	at common.TestFactory.endTestRun(TestFactory.java:75)
	at common.TestFactory.endTestRun(TestFactory.java:75)
	at common.TestFactory.endTestRun(TestFactory.java:75)
	at common.TestFactory.endTestRun(TestFactory.java:75)
	at common.TestFactory.endTestRun(TestFactory.java:75)
	at common.TestFactory.endTestRun(TestFactory.java:75)
	at common.TestFactory.endTestRun(TestFactory.java:75)
	at common.TestFactory.endTestRun(TestFactory.java:75)
	at common.TestFactory.endTestRun(TestFactory.java:75)
	at common.TestFactory.endTestRun(TestFactory.java:75)
	at common.TestFactory.endTestRun(TestFactory.java:75)
	at common.TestFactory.endTestRun(TestFactory.java:75)
	at common.TestFactory.endTestRun(TestFactory.java:75)
	at common.TestFactory.endTestRun(TestFactory.java:75)
	at common.TestFactory.endTestRun(TestFactory.java:75)
	at common.TestFactory.endTestRun(TestFactory.java:75)
	at common.TestFactory.endTestRun(TestFactory.java:75)
	at common.TestFactory.endTestRun(TestFactory.java:75)
	at common.TestFactory.endTestRun(TestFactory.java:75)
	at common.TestFactory.endTestRun(TestFactory.java:75)
	at common.TestFactory.endTestRun(TestFactory.java:75)
	at common.TestFactory.endTestRun(TestFactory.java:75)
	at common.TestFactory.endTestRun(TestFactory.java:75)
	at common.TestFactory.endTestRun(TestFactory.java:75)
	at common.TestFactory.endTestRun(TestFactory.java:75)
	at common.TestFactory.endTestRun(TestFactory.java:75)
	at common.TestFactory.endTestRun(TestFactory.java:75)
	at common.TestFactory.endTestRun(TestFactory.java:75)
	at common.TestFactory.endTestRun(TestFactory.java:75)
	at common.TestFactory.endTestRun(TestFactory.java:75)
	at common.TestFactory.endTestRun(TestFactory.java:75)
	at common.TestFactory.endTestRun(TestFactory.java:75)
	at common.TestFactory.endTestRun(TestFactory.java:75)
	at common.TestFactory.endTestRun(TestFactory.java:75)
	at common.TestFactory.endTestRun(TestFactory.java:75)
	at common.TestFactory.endTestRun(TestFactory.java:75)
	at common.TestFactory.endTestRun(TestFactory.java:75)
	at common.TestFactory.endTestRun(TestFactory.java:75)
	at common.TestFactory.endTestRun(TestFactory.java:75)
	at common.TestFactory.endTestRun(TestFactory.java:75)
	at common.TestFactory.endTestRun(TestFactory.java:75)
	at common.TestFactory.endTestRun(TestFactory.java:75)
	at common.TestFactory.endTestRun(TestFactory.java:75)
	at common.TestFactory.endTestRun(TestFactory.java:75)
	at common.TestFactory.endTestRun(TestFactory.java:75)
	at common.TestFactory.endTestRun(TestFactory.java:75)
	at common.TestFactory.endTestRun(TestFactory.java:75)
	at common.TestFactory.endTestRun(TestFactory.java:75)
	at common.TestFactory.endTestRun(TestFactory.java:75)
	at common.TestFactory.endTestRun(TestFactory.java:75)
	at common.TestFactory.endTestRun(TestFactory.java:75)
	at common.TestFactory.endTestRun(TestFactory.java:75)
	at common.TestFactory.endTestRun(TestFactory.java:75)
	at common.TestFactory.endTestRun(TestFactory.java:75)
	at common.TestFactory.endTestRun(TestFactory.java:75)
	at common.TestFactory.endTestRun(TestFactory.java:75)
	at common.TestFactory.endTestRun(TestFactory.java:75)
	at common.TestFactory.endTestRun(TestFactory.java:75)
	at common.TestFactory.endTestRun(TestFactory.java:75)
	at common.TestFactory.endTestRun(TestFactory.java:75)
	at common.TestFactory.endTestRun(TestFactory.java:75)
	at common.TestFactory.endTestRun(TestFactory.java:75)
	at common.TestFactory.endTestRun(TestFactory.java:75)
	at common.TestFactory.endTestRun(TestFactory.java:75)
	at common.TestFactory.endTestRun(TestFactory.java:75)
	at common.TestFactory.endTestRun(TestFactory.java:75)
	at common.TestFactory.endTestRun(TestFactory.java:75)
	at common.TestFactory.endTestRun(TestFactory.java:75)
	at common.TestFactory.endTestRun(TestFactory.java:75)
	at common.TestFactory.endTestRun(TestFactory.java:75)
	at common.TestFactory.endTestRun(TestFactory.java:75)
	at common.TestFactory.endTestRun(TestFactory.java:75)
	at common.TestFactory.endTestRun(TestFactory.java:75)
	at common.TestFactory.endTestRun(TestFactory.java:75)
	at common.TestFactory.endTestRun(TestFactory.java:75)
	at common.TestFactory.endTestRun(TestFactory.java:75)
	at common.TestFactory.endTestRun(TestFactory.java:75)
	at common.TestFactory.endTestRun(TestFactory.java:75)
	at common.TestFactory.endTestRun(TestFactory.java:75)
	at common.TestFactory.endTestRun(TestFactory.java:75)
	at common.TestFactory.endTestRun(TestFactory.java:75)
	at common.TestFactory.endTestRun(TestFactory.java:75)
	at common.TestFactory.endTestRun(TestFactory.java:75)
	at common.TestFactory.endTestRun(TestFactory.java:75)
	at common.TestFactory.endTestRun(TestFactory.java:75)
	at common.TestFactory.endTestRun(TestFactory.java:75)
	at common.TestFactory.endTestRun(TestFactory.java:75)
	at common.TestFactory.endTestRun(TestFactory.java:75)
	at common.TestFactory.endTestRun(TestFactory.java:75)
	at common.TestFactory.endTestRun(TestFactory.java:75)
	at common.TestFactory.endTestRun(TestFactory.java:75)
	at common.TestFactory.endTestRun(TestFactory.java:75)
	at common.TestFactory.endTestRun(TestFactory.java:75)
	at common.TestFactory.endTestRun(TestFactory.java:75)
	at common.TestFactory.endTestRun(TestFactory.java:75)
	at common.TestFactory.endTestRun(TestFactory.java:75)
	at common.TestFactory.endTestRun(TestFactory.java:75)
	at common.TestFactory.endTestRun(TestFactory.java:75)
	at common.TestFactory.endTestRun(TestFactory.java:75)
	at common.TestFactory.endTestRun(TestFactory.java:75)
	at common.TestFactory.endTestRun(TestFactory.java:75)
	at common.TestFactory.endTestRun(TestFactory.java:75)
	at common.TestFactory.endTestRun(TestFactory.java:75)
	at common.TestFactory.endTestRun(TestFactory.java:75)
	at common.TestFactory.endTestRun(TestFactory.java:75)
	at common.TestFactory.endTestRun(TestFactory.java:75)
	at common.TestFactory.endTestRun(TestFactory.java:75)
	at common.TestFactory.endTestRun(TestFactory.java:75)
	at common.TestFactory.endTestRun(TestFactory.java:75)
	at common.TestFactory.endTestRun(TestFactory.java:75)
	at common.TestFactory.endTestRun(TestFactory.java:75)
	at common.TestFactory.endTestRun(TestFactory.java:75)
	at common.TestFactory.endTestRun(TestFactory.java:75)
	at common.TestFactory.endTestRun(TestFactory.java:75)
	at common.TestFactory.endTestRun(TestFactory.java:75)
	at common.TestFactory.endTestRun(TestFactory.java:75)
	at common.TestFactory.endTestRun(TestFactory.java:75)
	at common.TestFactory.endTestRun(TestFactory.java:75)
	at common.TestFactory.endTestRun(TestFactory.java:75)
	at common.TestFactory.endTestRun(TestFactory.java:75)
	at common.TestFactory.endTestRun(TestFactory.java:75)
	at common.TestFactory.endTestRun(TestFactory.java:75)
	at common.TestFactory.endTestRun(TestFactory.java:75)
	at common.TestFactory.endTestRun(TestFactory.java:75)
	at common.TestFactory.endTestRun(TestFactory.java:75)
	at common.TestFactory.endTestRun(TestFactory.java:75)
	at common.TestFactory.endTestRun(TestFactory.java:75)
	at common.TestFactory.endTestRun(TestFactory.java:75)
	at common.TestFactory.endTestRun(TestFactory.java:75)
	at common.TestFactory.endTestRun(TestFactory.java:75)
	at common.TestFactory.endTestRun(TestFactory.java:75)
	at common.TestFactory.endTestRun(TestFactory.java:75)
	at common.TestFactory.endTestRun(TestFactory.java:75)
	at common.TestFactory.endTestRun(TestFactory.java:75)
	at common.TestFactory.endTestRun(TestFactory.java:75)
	at common.TestFactory.endTestRun(TestFactory.java:75)
	at common.TestFactory.endTestRun(TestFactory.java:75)
	at common.TestFactory.endTestRun(TestFactory.java:75)
	at common.TestFactory.endTestRun(TestFactory.java:75)
	at common.TestFactory.endTestRun(TestFactory.java:75)
	at common.TestFactory.endTestRun(TestFactory.java:75)
	at common.TestFactory.endTestRun(TestFactory.java:75)
	at common.TestFactory.endTestRun(TestFactory.java:75)
	at common.TestFactory.endTestRun(TestFactory.java:75)
	at common.TestFactory.endTestRun(TestFactory.java:75)
	at common.TestFactory.endTestRun(TestFactory.java:75)
	at common.TestFactory.endTestRun(TestFactory.java:75)
	at common.TestFactory.endTestRun(TestFactory.java:75)
	at common.TestFactory.endTestRun(TestFactory.java:75)
	at common.TestFactory.endTestRun(TestFactory.java:75)
	at common.TestFactory.endTestRun(TestFactory.java:75)
	at common.TestFactory.endTestRun(TestFactory.java:75)
]]>
            </full-stacktrace>
          </exception> <!-- cucumber.runtime.CucumberException -->
          <reporter-output>
          </reporter-output>
        </test-method> <!-- feature -->
        <test-method status="PASS" signature="tearDownClass()[pri:0, instance:test.runners.TestRunner@11a9e7c8]" name="tearDownClass" is-config="true" duration-ms="45" started-at="2021-06-20T22:08:59Z" finished-at="2021-06-20T22:08:59Z">
          <reporter-output>
          </reporter-output>
        </test-method> <!-- tearDownClass -->
        <test-method status="PASS" signature="after()[pri:0, instance:test.runners.TestRunner@11a9e7c8]" name="after" is-config="true" duration-ms="0" started-at="2021-06-20T22:08:59Z" finished-at="2021-06-20T22:08:59Z">
          <reporter-output>
          </reporter-output>
        </test-method> <!-- after -->
      </class> <!-- test.runners.TestRunner -->
    </test> <!-- Thread1 -->
  </suite> <!-- Test runner -->
</testng-results>
